[jefesprofootball.com/galeria/index.html]
[backblue.gif]
[fade.gif]
[index.html]
[jefesprofootball.com/wp-content/plugins/easy-image-collage/css/public1b83.css]
[jefesprofootball.com/wp-includes/css/dashicons.min3781.css]
[jefesprofootball.com/wp-includes/js/jquery/jquery.min5aed.js]
[jefesprofootball.com/wp-content/plugins/gutenberg/build/i18n/index.mina8f5.js]
[jefesprofootball.com/wp-content/plugins/blogmentor/assets/js/custom6486.js]
[i0.wp.com/jefesprofootball.com/wp-content/uploads/2022/10/cropped-JEFES-LFA-icon2-e1666919028255e43b.png]
[i0.wp.com/jefesprofootball.com/wp-content/uploads/2022/10/cropped-JEFES-LFA-icon2-e166691902825598d8.png]
[i0.wp.com/jefesprofootball.com/wp-content/uploads/2022/10/cropped-JEFES-LFA-icon2-e1666919028255f9b5.png]
[i0.wp.com/jefesprofootball.com/wp-content/uploads/2022/10/JEFES_LFA_LOGO_1cd1e.png]
[i0.wp.com/jefesprofootball.com/wp-content/uploads/2022/03/Mesa-de-trabajo-26@2x-18d4c.png]
[i0.wp.com/jefesprofootball.com/wp-content/uploads/2023/07/JEFES-VS-MTY-15615e2.jpg]
[i0.wp.com/jefesprofootball.com/wp-content/uploads/2023/07/JEFES-VS-MTY-15315e2.jpg]
[i0.wp.com/jefesprofootball.com/wp-content/uploads/2023/07/JEFES-VS-MTY-15015e2.jpg]
[i0.wp.com/jefesprofootball.com/wp-content/uploads/2023/07/JEFES-VS-MTY-14915e2.jpg]
[i0.wp.com/jefesprofootball.com/wp-content/uploads/2023/07/JEFES-VS-MTY-14715e2.jpg]
[i0.wp.com/jefesprofootball.com/wp-content/uploads/2023/07/JEFES-VS-MTY-10515e2.jpg]
[i0.wp.com/jefesprofootball.com/wp-content/uploads/2023/07/JEFES-VS-MTY-10615e2.jpg]
[i0.wp.com/jefesprofootball.com/wp-content/uploads/2023/07/JEFES-VS-MTY-10815e2.jpg]
[i0.wp.com/jefesprofootball.com/wp-content/uploads/2023/07/JEFES-VS-MTY-10915e2.jpg]
[i0.wp.com/jefesprofootball.com/wp-content/uploads/2023/07/JEFES-VS-MTY-14515e2.jpg]
[i0.wp.com/jefesprofootball.com/wp-content/uploads/2023/07/JEFES-VS-MTY-10415e2.jpg]
[i0.wp.com/jefesprofootball.com/wp-content/uploads/2023/07/JEFES-VS-MTY-10315e2.jpg]
[i0.wp.com/jefesprofootball.com/wp-content/uploads/2023/07/JEFES-VS-MTY-10215e2.jpg]
[i0.wp.com/jefesprofootball.com/wp-content/uploads/2023/07/JEFES-VS-MTY-10115e2.jpg]
[i0.wp.com/jefesprofootball.com/wp-content/uploads/2023/07/JEFES-VS-MTY-10015e2.jpg]
[i0.wp.com/jefesprofootball.com/wp-content/uploads/2023/07/JEFES-VS-MTY-9215e2.jpg]
[i0.wp.com/jefesprofootball.com/wp-content/uploads/2023/07/JEFES-VS-MTY-9315e2.jpg]
[i0.wp.com/jefesprofootball.com/wp-content/uploads/2023/07/JEFES-VS-MTY-9715e2.jpg]
[i0.wp.com/jefesprofootball.com/wp-content/uploads/2023/07/JEFES-VS-MTY-9815e2.jpg]
[i0.wp.com/jefesprofootball.com/wp-content/uploads/2023/07/JEFES-VS-MTY-9915e2.jpg]
[i0.wp.com/jefesprofootball.com/wp-content/uploads/2023/07/JEFES-VS-MTY-9115e2.jpg]
[i0.wp.com/jefesprofootball.com/wp-content/uploads/2023/07/JEFES-VS-MTY-9015e2.jpg]
[i0.wp.com/jefesprofootball.com/wp-content/uploads/2023/07/JEFES-VS-MTY-8915e2.jpg]
[i0.wp.com/jefesprofootball.com/wp-content/uploads/2023/07/JEFES-VS-MTY-8815e2.jpg]
[i0.wp.com/jefesprofootball.com/wp-content/uploads/2023/07/JEFES-VS-MTY-8715e2.jpg]
[i0.wp.com/jefesprofootball.com/wp-content/uploads/2022/11/tryouts-jrz_3915e2.jpg]
[i0.wp.com/jefesprofootball.com/wp-content/uploads/2022/11/tryouts-jrz_4015e2.jpg]
[i0.wp.com/jefesprofootball.com/wp-content/uploads/2022/11/tryouts-jrz_4115e2.jpg]
[i0.wp.com/jefesprofootball.com/wp-content/uploads/2022/11/tryouts-jrz_4215e2.jpg]
[i0.wp.com/jefesprofootball.com/wp-content/uploads/2023/07/JEFES-VS-MTY-8615e2.jpg]
[i0.wp.com/jefesprofootball.com/wp-content/uploads/2022/11/tryouts-jrz_3815e2.jpg]
[i0.wp.com/jefesprofootball.com/wp-content/uploads/2022/11/tryouts-jrz_3715e2.jpg]
[i0.wp.com/jefesprofootball.com/wp-content/uploads/2022/11/tryouts-jrz_3615e2.jpg]
[i0.wp.com/jefesprofootball.com/wp-content/uploads/2022/11/tryouts-jrz_3515e2.jpg]
[i0.wp.com/jefesprofootball.com/wp-content/uploads/2022/11/tryouts-jrz_3415e2.jpg]
[i0.wp.com/jefesprofootball.com/wp-content/uploads/2022/11/tryouts-jrz_2915e2.jpg]
[i0.wp.com/jefesprofootball.com/wp-content/uploads/2022/11/tryouts-jrz_3015e2.jpg]
[i0.wp.com/jefesprofootball.com/wp-content/uploads/2022/11/tryouts-jrz_3115e2.jpg]
[i0.wp.com/jefesprofootball.com/wp-content/uploads/2022/11/tryouts-jrz_3215e2.jpg]
[i0.wp.com/jefesprofootball.com/wp-content/uploads/2022/11/tryouts-jrz_3315e2.jpg]
[i0.wp.com/jefesprofootball.com/wp-content/uploads/2022/11/tryouts-jrz_2815e2.jpg]
[i0.wp.com/jefesprofootball.com/wp-content/uploads/2022/11/tryouts-jrz_2715e2.jpg]
[i0.wp.com/jefesprofootball.com/wp-content/uploads/2022/11/tryouts-jrz_2615e2.jpg]
[i0.wp.com/jefesprofootball.com/wp-content/uploads/2022/11/tryouts-jrz_2515e2.jpg]
[i0.wp.com/jefesprofootball.com/wp-content/uploads/2022/11/tryouts-jrz_2415e2.jpg]
[i0.wp.com/jefesprofootball.com/wp-content/uploads/2022/11/tryouts-jrz_1915e2.jpg]
[i0.wp.com/jefesprofootball.com/wp-content/uploads/2022/11/tryouts-jrz_2015e2.jpg]
[i0.wp.com/jefesprofootball.com/wp-content/uploads/2022/11/tryouts-jrz_2115e2.jpg]
[i0.wp.com/jefesprofootball.com/wp-content/uploads/2022/11/tryouts-jrz_2215e2.jpg]
[i0.wp.com/jefesprofootball.com/wp-content/uploads/2022/11/tryouts-jrz_2315e2.jpg]
[i0.wp.com/jefesprofootball.com/wp-content/uploads/2022/11/tryouts-jrz_1815e2.jpg]
[i0.wp.com/jefesprofootball.com/wp-content/uploads/2022/11/tryouts-jrz_1715e2.jpg]
[i0.wp.com/jefesprofootball.com/wp-content/uploads/2022/11/tryouts-jrz_1615e2.jpg]
[i0.wp.com/jefesprofootball.com/wp-content/uploads/2022/11/tryouts-jrz_1515e2.jpg]
[i0.wp.com/jefesprofootball.com/wp-content/uploads/2022/11/tryouts-jrz_1415e2.jpg]
[i0.wp.com/jefesprofootball.com/wp-content/uploads/2022/11/tryouts-jrz_915e2.jpg]
[i0.wp.com/jefesprofootball.com/wp-content/uploads/2022/11/tryouts-jrz_1015e2.jpg]
[i0.wp.com/jefesprofootball.com/wp-content/uploads/2022/11/tryouts-jrz_1115e2.jpg]
[i0.wp.com/jefesprofootball.com/wp-content/uploads/2022/11/tryouts-jrz_1215e2.jpg]
[i0.wp.com/jefesprofootball.com/wp-content/uploads/2022/11/tryouts-jrz_1315e2.jpg]
[i0.wp.com/jefesprofootball.com/wp-content/uploads/2022/11/tryouts-jrz_815e2.jpg]
[i0.wp.com/jefesprofootball.com/wp-content/uploads/2022/11/tryouts-jrz_715e2.jpg]
[i0.wp.com/jefesprofootball.com/wp-content/uploads/2022/11/tryouts-jrz_615e2.jpg]
[i0.wp.com/jefesprofootball.com/wp-content/uploads/2022/11/tryouts-jrz_515e2.jpg]
[i0.wp.com/jefesprofootball.com/wp-content/uploads/2022/11/tryouts-jrz_415e2.jpg]
[i0.wp.com/jefesprofootball.com/wp-content/uploads/2022/11/Tryouts_2515e2.jpg]
[i0.wp.com/jefesprofootball.com/wp-content/uploads/2022/11/Tryouts_2615e2.jpg]
[i0.wp.com/jefesprofootball.com/wp-content/uploads/2022/11/tryouts-jrz_115e2.jpg]
[i0.wp.com/jefesprofootball.com/wp-content/uploads/2022/11/tryouts-jrz_215e2.jpg]
[i0.wp.com/jefesprofootball.com/wp-content/uploads/2022/11/tryouts-jrz_315e2.jpg]
[i0.wp.com/jefesprofootball.com/wp-content/uploads/2022/11/Tryouts_2415e2.jpg]
[i0.wp.com/jefesprofootball.com/wp-content/uploads/2022/11/Tryouts_2315e2.jpg]
[i0.wp.com/jefesprofootball.com/wp-content/uploads/2022/11/Tryouts_2215e2.jpg]
[i0.wp.com/jefesprofootball.com/wp-content/uploads/2022/11/Tryouts_2115e2.jpg]
[i0.wp.com/jefesprofootball.com/wp-content/uploads/2022/11/Tryouts_2015e2.jpg]
[i0.wp.com/jefesprofootball.com/wp-content/uploads/2022/11/Tryouts_1515e2.jpg]
[i0.wp.com/jefesprofootball.com/wp-content/uploads/2022/11/Tryouts_1615e2.jpg]
[i0.wp.com/jefesprofootball.com/wp-content/uploads/2022/11/Tryouts_1715e2.jpg]
[i0.wp.com/jefesprofootball.com/wp-content/uploads/2022/11/Tryouts_1815e2.jpg]
[i0.wp.com/jefesprofootball.com/wp-content/uploads/2022/11/Tryouts_1915e2.jpg]
[jefesprofootball.com/wp-content/uploads/2023/07/JEFES-VS-MTY-156.jpg]
[jefesprofootball.com/wp-content/uploads/2023/07/JEFES-VS-MTY-153.jpg]
[jefesprofootball.com/wp-content/uploads/2023/07/JEFES-VS-MTY-150.jpg]
[jefesprofootball.com/wp-content/uploads/2023/07/JEFES-VS-MTY-149.jpg]
[jefesprofootball.com/wp-content/uploads/2023/07/JEFES-VS-MTY-147.jpg]
[jefesprofootball.com/wp-content/uploads/2023/07/JEFES-VS-MTY-105.jpg]
[jefesprofootball.com/wp-content/uploads/2023/07/JEFES-VS-MTY-106.jpg]
[jefesprofootball.com/wp-content/uploads/2023/07/JEFES-VS-MTY-108.jpg]
[jefesprofootball.com/wp-content/uploads/2023/07/JEFES-VS-MTY-109.jpg]
[jefesprofootball.com/wp-content/uploads/2023/07/JEFES-VS-MTY-145.jpg]
[jefesprofootball.com/wp-content/uploads/2023/07/JEFES-VS-MTY-104.jpg]
[jefesprofootball.com/wp-content/uploads/2023/07/JEFES-VS-MTY-103.jpg]
[jefesprofootball.com/wp-content/uploads/2023/07/JEFES-VS-MTY-102.jpg]
[jefesprofootball.com/wp-content/uploads/2023/07/JEFES-VS-MTY-101.jpg]
[jefesprofootball.com/wp-content/uploads/2023/07/JEFES-VS-MTY-100.jpg]
[jefesprofootball.com/wp-content/uploads/2023/07/JEFES-VS-MTY-92.jpg]
[jefesprofootball.com/wp-content/uploads/2023/07/JEFES-VS-MTY-93.jpg]
[jefesprofootball.com/wp-content/uploads/2023/07/JEFES-VS-MTY-97.jpg]
[jefesprofootball.com/wp-content/uploads/2023/07/JEFES-VS-MTY-98.jpg]
[jefesprofootball.com/wp-content/uploads/2023/07/JEFES-VS-MTY-99.jpg]
[jefesprofootball.com/wp-content/uploads/2023/07/JEFES-VS-MTY-91.jpg]
[jefesprofootball.com/wp-content/uploads/2023/07/JEFES-VS-MTY-90.jpg]
[jefesprofootball.com/wp-content/uploads/2023/07/JEFES-VS-MTY-89.jpg]
[jefesprofootball.com/wp-content/uploads/2023/07/JEFES-VS-MTY-88.jpg]
[jefesprofootball.com/wp-content/uploads/2023/07/JEFES-VS-MTY-87.jpg]
[jefesprofootball.com/wp-content/uploads/2022/11/tryouts-jrz_39.jpg]
[jefesprofootball.com/wp-content/uploads/2022/11/tryouts-jrz_40.jpg]
[jefesprofootball.com/wp-content/uploads/2022/11/tryouts-jrz_41.jpg]
[jefesprofootball.com/wp-content/uploads/2022/11/tryouts-jrz_42.jpg]
[jefesprofootball.com/wp-content/uploads/2023/07/JEFES-VS-MTY-86.jpg]
[jefesprofootball.com/wp-content/uploads/2022/11/tryouts-jrz_38.jpg]
[jefesprofootball.com/wp-content/uploads/2022/11/tryouts-jrz_37.jpg]
[jefesprofootball.com/wp-content/uploads/2022/11/tryouts-jrz_36.jpg]
[jefesprofootball.com/wp-content/uploads/2022/11/tryouts-jrz_35.jpg]
[jefesprofootball.com/wp-content/uploads/2022/11/tryouts-jrz_34.jpg]
[jefesprofootball.com/wp-content/uploads/2022/11/tryouts-jrz_29.jpg]
[jefesprofootball.com/wp-content/uploads/2022/11/tryouts-jrz_30.jpg]
[jefesprofootball.com/wp-content/uploads/2022/11/tryouts-jrz_31.jpg]
[jefesprofootball.com/wp-content/uploads/2022/11/tryouts-jrz_32.jpg]
[jefesprofootball.com/wp-content/uploads/2022/11/tryouts-jrz_33.jpg]
[jefesprofootball.com/wp-content/uploads/2022/11/tryouts-jrz_28.jpg]
[jefesprofootball.com/wp-content/uploads/2022/11/tryouts-jrz_27.jpg]
[jefesprofootball.com/wp-content/uploads/2022/11/tryouts-jrz_26.jpg]
[jefesprofootball.com/wp-content/uploads/2022/11/tryouts-jrz_25.jpg]
[jefesprofootball.com/wp-content/uploads/2022/11/tryouts-jrz_24.jpg]
[jefesprofootball.com/wp-content/uploads/2022/11/tryouts-jrz_19.jpg]
[jefesprofootball.com/wp-content/uploads/2022/11/tryouts-jrz_20.jpg]
[jefesprofootball.com/wp-content/uploads/2022/11/tryouts-jrz_21.jpg]
[jefesprofootball.com/wp-content/uploads/2022/11/tryouts-jrz_22.jpg]
[jefesprofootball.com/wp-content/uploads/2022/11/tryouts-jrz_23.jpg]
[jefesprofootball.com/wp-content/uploads/2022/11/tryouts-jrz_18.jpg]
[jefesprofootball.com/wp-content/uploads/2022/11/tryouts-jrz_17.jpg]
[jefesprofootball.com/wp-content/uploads/2022/11/tryouts-jrz_16.jpg]
[jefesprofootball.com/wp-content/uploads/2022/11/tryouts-jrz_15.jpg]
[jefesprofootball.com/wp-content/uploads/2022/11/tryouts-jrz_14.jpg]
[jefesprofootball.com/wp-content/uploads/2022/11/tryouts-jrz_9.jpg]
[jefesprofootball.com/wp-content/uploads/2022/11/tryouts-jrz_10.jpg]
[jefesprofootball.com/wp-content/uploads/2022/11/tryouts-jrz_11.jpg]
[jefesprofootball.com/wp-content/uploads/2022/11/tryouts-jrz_12.jpg]
[jefesprofootball.com/wp-content/uploads/2022/11/tryouts-jrz_13.jpg]
[jefesprofootball.com/wp-content/uploads/2022/11/tryouts-jrz_8.jpg]
[jefesprofootball.com/wp-content/uploads/2022/11/tryouts-jrz_7.jpg]
[jefesprofootball.com/wp-content/uploads/2022/11/tryouts-jrz_6.jpg]
[jefesprofootball.com/wp-content/uploads/2022/11/tryouts-jrz_5.jpg]
[jefesprofootball.com/wp-content/uploads/2022/11/tryouts-jrz_4.jpg]
[jefesprofootball.com/wp-content/uploads/2022/11/Tryouts_26.jpg]
[jefesprofootball.com/wp-content/uploads/2022/11/Tryouts_25.jpg]
[jefesprofootball.com/wp-content/uploads/2022/11/tryouts-jrz_1.jpg]
[jefesprofootball.com/wp-content/uploads/2022/11/tryouts-jrz_2.jpg]
[jefesprofootball.com/wp-content/uploads/2022/11/tryouts-jrz_3.jpg]
[jefesprofootball.com/wp-content/uploads/2022/11/Tryouts_24.jpg]
[jefesprofootball.com/wp-content/uploads/2022/11/Tryouts_23.jpg]
[jefesprofootball.com/wp-content/uploads/2022/11/Tryouts_22.jpg]
[jefesprofootball.com/wp-content/uploads/2022/11/Tryouts_21.jpg]
[jefesprofootball.com/wp-content/uploads/2022/11/Tryouts_20.jpg]
[jefesprofootball.com/wp-content/uploads/2022/11/Tryouts_15.jpg]
[jefesprofootball.com/wp-content/uploads/2022/11/Tryouts_16.jpg]
[jefesprofootball.com/wp-content/uploads/2022/11/Tryouts_17.jpg]
[jefesprofootball.com/wp-content/uploads/2022/11/Tryouts_18.jpg]
[jefesprofootball.com/wp-content/uploads/2022/11/Tryouts_19.jpg]
[i0.wp.com/jefesprofootball.com/wp-content/uploads/2023/07/JEFES-6515e2.jpg]
[i0.wp.com/jefesprofootball.com/wp-content/uploads/2023/07/JEFES-64-115e2.jpg]
[i0.wp.com/jefesprofootball.com/wp-content/uploads/2023/07/JEFES-63-115e2.jpg]
[i0.wp.com/jefesprofootball.com/wp-content/uploads/2023/07/JEFES-62-115e2.jpg]
[i0.wp.com/jefesprofootball.com/wp-content/uploads/2023/07/JEFES-6115e2.jpg]
[i0.wp.com/jefesprofootball.com/wp-content/uploads/2023/07/JEFES-6015e2.jpg]
[i0.wp.com/jefesprofootball.com/wp-content/uploads/2023/07/JEFES-5915e2.jpg]
[i0.wp.com/jefesprofootball.com/wp-content/uploads/2023/07/JEFES-5815e2.jpg]
[i0.wp.com/jefesprofootball.com/wp-content/uploads/2023/07/JEFES-5715e2.jpg]
[i0.wp.com/jefesprofootball.com/wp-content/uploads/2023/07/JEFES-5615e2.jpg]
[i0.wp.com/jefesprofootball.com/wp-content/uploads/2023/07/JEFES-5515e2.jpg]
[i0.wp.com/jefesprofootball.com/wp-content/uploads/2023/07/JEFES-5415e2.jpg]
[i0.wp.com/jefesprofootball.com/wp-content/uploads/2023/07/JEFES-5315e2.jpg]
[i0.wp.com/jefesprofootball.com/wp-content/uploads/2023/07/JEFES-5215e2.jpg]
[i0.wp.com/jefesprofootball.com/wp-content/uploads/2023/07/JEFES-5115e2.jpg]
[i0.wp.com/jefesprofootball.com/wp-content/uploads/2023/07/JEFES-5015e2.jpg]
[i0.wp.com/jefesprofootball.com/wp-content/uploads/2023/07/JEFES-4915e2.jpg]
[i0.wp.com/jefesprofootball.com/wp-content/uploads/2023/07/JEFES-4815e2.jpg]
[i0.wp.com/jefesprofootball.com/wp-content/uploads/2023/07/JEFES-4715e2.jpg]
[i0.wp.com/jefesprofootball.com/wp-content/uploads/2023/07/JEFES-4615e2.jpg]
[i0.wp.com/jefesprofootball.com/wp-content/uploads/2023/07/JEFES-4515e2.jpg]
[i0.wp.com/jefesprofootball.com/wp-content/uploads/2023/07/JEFES-4415e2.jpg]
[i0.wp.com/jefesprofootball.com/wp-content/uploads/2023/07/JEFES-4315e2.jpg]
[i0.wp.com/jefesprofootball.com/wp-content/uploads/2023/07/JEFES-4215e2.jpg]
[i0.wp.com/jefesprofootball.com/wp-content/uploads/2023/07/JEFES-2515e2.jpg]
[i0.wp.com/jefesprofootball.com/wp-content/uploads/2023/07/JEFES-2415e2.jpg]
[i0.wp.com/jefesprofootball.com/wp-content/uploads/2023/07/JEFES-2315e2.jpg]
[i0.wp.com/jefesprofootball.com/wp-content/uploads/2023/07/JEFES-2215e2.jpg]
[i0.wp.com/jefesprofootball.com/wp-content/uploads/2023/07/JEFES-2115e2.jpg]
[i0.wp.com/jefesprofootball.com/wp-content/uploads/2023/07/JEFES-2015e2.jpg]
[i0.wp.com/jefesprofootball.com/wp-content/uploads/2023/07/JEFES-1915e2.jpg]
[i0.wp.com/jefesprofootball.com/wp-content/uploads/2023/07/JEFES-1815e2.jpg]
[i0.wp.com/jefesprofootball.com/wp-content/uploads/2023/07/JEFES-1715e2.jpg]
[i0.wp.com/jefesprofootball.com/wp-content/uploads/2023/07/JEFES-1615e2.jpg]
[i0.wp.com/jefesprofootball.com/wp-content/uploads/2023/07/JEFES-1515e2.jpg]
[i0.wp.com/jefesprofootball.com/wp-content/uploads/2023/07/JEFES-1415e2.jpg]
[i0.wp.com/jefesprofootball.com/wp-content/uploads/2023/07/JEFES-1315e2.jpg]
[i0.wp.com/jefesprofootball.com/wp-content/uploads/2023/07/JEFES-1215e2.jpg]
[i0.wp.com/jefesprofootball.com/wp-content/uploads/2023/07/JEFES-1115e2.jpg]
[i0.wp.com/jefesprofootball.com/wp-content/uploads/2023/07/JEFES-1015e2.jpg]
[i0.wp.com/jefesprofootball.com/wp-content/uploads/2023/07/JEFES-915e2.jpg]
[i0.wp.com/jefesprofootball.com/wp-content/uploads/2023/07/JEFES-815e2.jpg]
[i0.wp.com/jefesprofootball.com/wp-content/uploads/2023/07/JEFES-715e2.jpg]
[i0.wp.com/jefesprofootball.com/wp-content/uploads/2023/07/JEFES-615e2.jpg]
[jefesprofootball.com/wp-content/uploads/2023/07/JEFES-6.jpg]
[jefesprofootball.com/wp-content/uploads/2023/07/JEFES-7.jpg]
[jefesprofootball.com/wp-content/uploads/2023/07/JEFES-8.jpg]
[jefesprofootball.com/wp-content/uploads/2023/07/JEFES-9.jpg]
[jefesprofootball.com/wp-content/uploads/2023/07/JEFES-10.jpg]
[jefesprofootball.com/wp-content/uploads/2023/07/JEFES-11.jpg]
[jefesprofootball.com/wp-content/uploads/2023/07/JEFES-12.jpg]
[jefesprofootball.com/wp-content/uploads/2023/07/JEFES-13.jpg]
[jefesprofootball.com/wp-content/uploads/2023/07/JEFES-14.jpg]
[jefesprofootball.com/wp-content/uploads/2023/07/JEFES-15.jpg]
[jefesprofootball.com/wp-content/uploads/2023/07/JEFES-16.jpg]
[jefesprofootball.com/wp-content/uploads/2023/07/JEFES-17.jpg]
[jefesprofootball.com/wp-content/uploads/2023/07/JEFES-18.jpg]
[jefesprofootball.com/wp-content/uploads/2023/07/JEFES-19.jpg]
[jefesprofootball.com/wp-content/uploads/2023/07/JEFES-20.jpg]
[jefesprofootball.com/wp-content/uploads/2023/07/JEFES-21.jpg]
[jefesprofootball.com/wp-content/uploads/2023/07/JEFES-22.jpg]
[jefesprofootball.com/wp-content/uploads/2023/07/JEFES-23.jpg]
[jefesprofootball.com/wp-content/uploads/2023/07/JEFES-24.jpg]
[jefesprofootball.com/wp-content/uploads/2023/07/JEFES-25.jpg]
[jefesprofootball.com/wp-content/uploads/2023/07/JEFES-42.jpg]
[jefesprofootball.com/wp-content/uploads/2023/07/JEFES-43.jpg]
[jefesprofootball.com/wp-content/uploads/2023/07/JEFES-44.jpg]
[jefesprofootball.com/wp-content/uploads/2023/07/JEFES-45.jpg]
[jefesprofootball.com/wp-content/uploads/2023/07/JEFES-46.jpg]
[jefesprofootball.com/wp-content/uploads/2023/07/JEFES-47.jpg]
[jefesprofootball.com/wp-content/uploads/2023/07/JEFES-48.jpg]
[jefesprofootball.com/wp-content/uploads/2023/07/JEFES-49.jpg]
[jefesprofootball.com/wp-content/uploads/2023/07/JEFES-50.jpg]
[jefesprofootball.com/wp-content/uploads/2023/07/JEFES-51.jpg]
[jefesprofootball.com/wp-content/uploads/2023/07/JEFES-52.jpg]
[jefesprofootball.com/wp-content/uploads/2023/07/JEFES-53.jpg]
[jefesprofootball.com/wp-content/uploads/2023/07/JEFES-54.jpg]
[jefesprofootball.com/wp-content/uploads/2023/07/JEFES-55.jpg]
[jefesprofootball.com/wp-content/uploads/2023/07/JEFES-56.jpg]
[jefesprofootball.com/wp-content/uploads/2023/07/JEFES-57.jpg]
[jefesprofootball.com/wp-content/uploads/2023/07/JEFES-58.jpg]
[jefesprofootball.com/wp-content/uploads/2023/07/JEFES-59.jpg]
[jefesprofootball.com/wp-content/uploads/2023/07/JEFES-60.jpg]
[jefesprofootball.com/wp-content/uploads/2023/07/JEFES-61.jpg]
[jefesprofootball.com/wp-content/uploads/2023/07/JEFES-62-1.jpg]
[jefesprofootball.com/wp-content/uploads/2023/07/JEFES-63-1.jpg]
[jefesprofootball.com/wp-content/uploads/2023/07/JEFES-64-1.jpg]
[jefesprofootball.com/wp-content/uploads/2023/07/JEFES-65.jpg]
[i0.wp.com/jefesprofootball.com/wp-content/uploads/2023/07/JEFES-9015e2.jpg]
[i0.wp.com/jefesprofootball.com/wp-content/uploads/2023/07/JEFES-8915e2.jpg]
[i0.wp.com/jefesprofootball.com/wp-content/uploads/2023/07/JEFES-8815e2.jpg]
[i0.wp.com/jefesprofootball.com/wp-content/uploads/2023/07/JEFES-8715e2.jpg]
[i0.wp.com/jefesprofootball.com/wp-content/uploads/2023/07/JEFES-8615e2.jpg]
[i0.wp.com/jefesprofootball.com/wp-content/uploads/2023/07/JEFES-8515e2.jpg]
[i0.wp.com/jefesprofootball.com/wp-content/uploads/2023/07/JEFES-8415e2.jpg]
[i0.wp.com/jefesprofootball.com/wp-content/uploads/2023/07/JEFES-8315e2.jpg]
[i0.wp.com/jefesprofootball.com/wp-content/uploads/2023/07/JEFES-8215e2.jpg]
[i0.wp.com/jefesprofootball.com/wp-content/uploads/2023/07/JEFES-8115e2.jpg]
[i0.wp.com/jefesprofootball.com/wp-content/uploads/2023/07/JEFES-8015e2.jpg]
[i0.wp.com/jefesprofootball.com/wp-content/uploads/2023/07/JEFES-7915e2.jpg]
[i0.wp.com/jefesprofootball.com/wp-content/uploads/2023/07/JEFES-7815e2.jpg]
[i0.wp.com/jefesprofootball.com/wp-content/uploads/2023/07/JEFES-7715e2.jpg]
[i0.wp.com/jefesprofootball.com/wp-content/uploads/2023/07/JEFES-7615e2.jpg]
[i0.wp.com/jefesprofootball.com/wp-content/uploads/2023/07/JEFES-7515e2.jpg]
[i0.wp.com/jefesprofootball.com/wp-content/uploads/2023/07/JEFES-7415e2.jpg]
[i0.wp.com/jefesprofootball.com/wp-content/uploads/2023/07/JEFES-7315e2.jpg]
[i0.wp.com/jefesprofootball.com/wp-content/uploads/2023/07/JEFES-7215e2.jpg]
[i0.wp.com/jefesprofootball.com/wp-content/uploads/2023/07/JEFES-7115e2.jpg]
[i0.wp.com/jefesprofootball.com/wp-content/uploads/2023/07/JEFES-7015e2.jpg]
[i0.wp.com/jefesprofootball.com/wp-content/uploads/2023/07/JEFES-6915e2.jpg]
[i0.wp.com/jefesprofootball.com/wp-content/uploads/2023/07/JEFES-6815e2.jpg]
[i0.wp.com/jefesprofootball.com/wp-content/uploads/2023/07/JEFES-6715e2.jpg]
[i0.wp.com/jefesprofootball.com/wp-content/uploads/2023/07/JEFES-6615e2.jpg]
[i0.wp.com/jefesprofootball.com/wp-content/uploads/2023/07/JEFES-6415e2.jpg]
[i0.wp.com/jefesprofootball.com/wp-content/uploads/2023/07/JEFES-6315e2.jpg]
[i0.wp.com/jefesprofootball.com/wp-content/uploads/2023/07/JEFES-6215e2.jpg]
[i0.wp.com/jefesprofootball.com/wp-content/uploads/2023/07/278333846_121936790441702_3431132374502532961_n15e2.jpg]
[i0.wp.com/jefesprofootball.com/wp-content/uploads/2023/07/278297283_121937027108345_4123249930274332114_n15e2.jpg]
[i0.wp.com/jefesprofootball.com/wp-content/uploads/2023/07/278221946_121937863774928_7040794408828723362_n15e2.jpg]
[i0.wp.com/jefesprofootball.com/wp-content/uploads/2023/07/278198471_121937373774977_3576958060651352982_n15e2.jpg]
[i0.wp.com/jefesprofootball.com/wp-content/uploads/2023/07/278188154_121939087108139_8911600557878667216_n15e2.jpg]
[i0.wp.com/jefesprofootball.com/wp-content/uploads/2023/07/278084873_121938467108201_8666077681758954240_n15e2.jpg]
[i0.wp.com/jefesprofootball.com/wp-content/uploads/2023/07/277788686_119078380727543_4887237352937024997_n15e2.jpg]
[i0.wp.com/jefesprofootball.com/wp-content/uploads/2023/07/277776559_119083460727035_4393219796185824953_n15e2.jpg]
[jefesprofootball.com/wp-content/uploads/2023/07/JEFES-89.jpg]
[jefesprofootball.com/wp-content/uploads/2023/07/JEFES-88.jpg]
[jefesprofootball.com/wp-content/uploads/2023/07/JEFES-87.jpg]
[jefesprofootball.com/wp-content/uploads/2023/07/JEFES-86.jpg]
[jefesprofootball.com/wp-content/uploads/2023/07/JEFES-85.jpg]
[jefesprofootball.com/wp-content/uploads/2023/07/JEFES-84.jpg]
[jefesprofootball.com/wp-content/uploads/2023/07/JEFES-83.jpg]
[jefesprofootball.com/wp-content/uploads/2023/07/JEFES-82.jpg]
[jefesprofootball.com/wp-content/uploads/2023/07/JEFES-81.jpg]
[jefesprofootball.com/wp-content/uploads/2023/07/JEFES-80.jpg]
[jefesprofootball.com/wp-content/uploads/2023/07/JEFES-79.jpg]
[jefesprofootball.com/wp-content/uploads/2023/07/JEFES-78.jpg]
[jefesprofootball.com/wp-content/uploads/2023/07/JEFES-77.jpg]
[jefesprofootball.com/wp-content/uploads/2023/07/JEFES-76.jpg]
[jefesprofootball.com/wp-content/uploads/2023/07/JEFES-75.jpg]
[jefesprofootball.com/wp-content/uploads/2023/07/JEFES-74.jpg]
[jefesprofootball.com/wp-content/uploads/2023/07/JEFES-73.jpg]
[jefesprofootball.com/wp-content/uploads/2023/07/JEFES-72.jpg]
[jefesprofootball.com/wp-content/uploads/2023/07/JEFES-71.jpg]
[jefesprofootball.com/wp-content/uploads/2023/07/JEFES-70.jpg]
[jefesprofootball.com/wp-content/uploads/2023/07/JEFES-69.jpg]
[jefesprofootball.com/wp-content/uploads/2023/07/JEFES-68.jpg]
[jefesprofootball.com/wp-content/uploads/2023/07/JEFES-67.jpg]
[jefesprofootball.com/wp-content/uploads/2023/07/JEFES-66.jpg]
[jefesprofootball.com/wp-content/uploads/2023/07/JEFES-64.jpg]
[jefesprofootball.com/wp-content/uploads/2023/07/JEFES-63.jpg]
[i0.wp.com/jefesprofootball.com/wp-content/uploads/2023/07/MAT705815e2.jpg]
[i0.wp.com/jefesprofootball.com/wp-content/uploads/2023/07/MAT891715e2.jpg]
[i0.wp.com/jefesprofootball.com/wp-content/uploads/2023/07/MAT895915e2.jpg]
[i0.wp.com/jefesprofootball.com/wp-content/uploads/2023/07/MAT899715e2.jpg]
[i0.wp.com/jefesprofootball.com/wp-content/uploads/2023/07/MAT901215e2.jpg]
[i0.wp.com/jefesprofootball.com/wp-content/uploads/2023/07/MAT903115e2.jpg]
[i0.wp.com/jefesprofootball.com/wp-content/uploads/2023/07/MAT904215e2.jpg]
[i0.wp.com/jefesprofootball.com/wp-content/uploads/2023/07/MAT906815e2.jpg]
[i0.wp.com/jefesprofootball.com/wp-content/uploads/2023/07/MAT909315e2.jpg]
[i0.wp.com/jefesprofootball.com/wp-content/uploads/2023/07/MAT910615e2.jpg]
[i0.wp.com/jefesprofootball.com/wp-content/uploads/2023/07/MAT914015e2.jpg]
[i0.wp.com/jefesprofootball.com/wp-content/uploads/2023/07/MAT914415e2.jpg]
[i0.wp.com/jefesprofootball.com/wp-content/uploads/2023/07/MAT923715e2.jpg]
[i0.wp.com/jefesprofootball.com/wp-content/uploads/2023/07/2da-ETREGA-115e2.jpg]
[i0.wp.com/jefesprofootball.com/wp-content/uploads/2023/07/2da-ETREGA-215e2.jpg]
[i0.wp.com/jefesprofootball.com/wp-content/uploads/2023/07/2da-ETREGA-315e2.jpg]
[i0.wp.com/jefesprofootball.com/wp-content/uploads/2023/07/2da-ETREGA-415e2.jpg]
[i0.wp.com/jefesprofootball.com/wp-content/uploads/2023/07/2da-ETREGA-715e2.jpg]
[i0.wp.com/jefesprofootball.com/wp-content/uploads/2023/07/2da-ETREGA-815e2.jpg]
[i0.wp.com/jefesprofootball.com/wp-content/uploads/2023/07/2da-ETREGA-915e2.jpg]
[i0.wp.com/jefesprofootball.com/wp-content/uploads/2023/07/2da-ETREGA-1015e2.jpg]
[i0.wp.com/jefesprofootball.com/wp-content/uploads/2023/07/2da-ETREGA-1115e2.jpg]
[i0.wp.com/jefesprofootball.com/wp-content/uploads/2023/07/2da-ETREGA-1215e2.jpg]
[i0.wp.com/jefesprofootball.com/wp-content/uploads/2023/07/2da-ETREGA-1315e2.jpg]
[i0.wp.com/jefesprofootball.com/wp-content/uploads/2023/07/2da-ETREGA-1415e2.jpg]
[i0.wp.com/jefesprofootball.com/wp-content/uploads/2023/07/2da-ETREGA-1515e2.jpg]
[i0.wp.com/jefesprofootball.com/wp-content/uploads/2023/07/2da-ETREGA-1615e2.jpg]
[i0.wp.com/jefesprofootball.com/wp-content/uploads/2023/07/2da-ETREGA-1715e2.jpg]
[i0.wp.com/jefesprofootball.com/wp-content/uploads/2023/07/2da-ETREGA-1815e2.jpg]
[i0.wp.com/jefesprofootball.com/wp-content/uploads/2023/07/2da-ETREGA-1915e2.jpg]
[jefesprofootball.com/wp-content/uploads/2023/07/2da-ETREGA-19.jpg]
[jefesprofootball.com/wp-content/uploads/2023/07/2da-ETREGA-18.jpg]
[jefesprofootball.com/wp-content/uploads/2023/07/2da-ETREGA-17.jpg]
[jefesprofootball.com/wp-content/uploads/2023/07/2da-ETREGA-16.jpg]
[jefesprofootball.com/wp-content/uploads/2023/07/2da-ETREGA-15.jpg]
[jefesprofootball.com/wp-content/uploads/2023/07/2da-ETREGA-14.jpg]
[jefesprofootball.com/wp-content/uploads/2023/07/2da-ETREGA-13.jpg]
[jefesprofootball.com/wp-content/uploads/2023/07/2da-ETREGA-12.jpg]
[jefesprofootball.com/wp-content/uploads/2023/07/2da-ETREGA-11.jpg]
[jefesprofootball.com/wp-content/uploads/2023/07/2da-ETREGA-10.jpg]
[jefesprofootball.com/wp-content/uploads/2023/07/2da-ETREGA-9.jpg]
[jefesprofootball.com/wp-content/uploads/2023/07/2da-ETREGA-8.jpg]
[jefesprofootball.com/wp-content/uploads/2023/07/2da-ETREGA-7.jpg]
[jefesprofootball.com/wp-content/uploads/2023/07/2da-ETREGA-4.jpg]
[jefesprofootball.com/wp-content/uploads/2023/07/2da-ETREGA-3.jpg]
[jefesprofootball.com/wp-content/uploads/2023/07/2da-ETREGA-2.jpg]
[jefesprofootball.com/wp-content/uploads/2023/07/2da-ETREGA-1.jpg]
[jefesprofootball.com/wp-content/uploads/2023/07/MAT9237.jpg]
[jefesprofootball.com/wp-content/uploads/2023/07/MAT9144.jpg]
[jefesprofootball.com/wp-content/uploads/2023/07/MAT9140.jpg]
[jefesprofootball.com/wp-content/uploads/2023/07/MAT9106.jpg]
[jefesprofootball.com/wp-content/uploads/2023/07/MAT9093.jpg]
[jefesprofootball.com/wp-content/uploads/2023/07/MAT9068.jpg]
[jefesprofootball.com/wp-content/uploads/2023/07/MAT9042.jpg]
[jefesprofootball.com/wp-content/uploads/2023/07/MAT9031.jpg]
[jefesprofootball.com/wp-content/uploads/2023/07/MAT9012.jpg]
[jefesprofootball.com/wp-content/uploads/2023/07/MAT8997.jpg]
[jefesprofootball.com/wp-content/uploads/2023/07/MAT8959.jpg]
[jefesprofootball.com/wp-content/uploads/2023/07/MAT8917.jpg]
[jefesprofootball.com/wp-content/uploads/2023/07/MAT7058.jpg]
[i0.wp.com/jefesprofootball.com/wp-content/uploads/2023/07/JEFES-VS-REDS-1315e2.jpg]
[i0.wp.com/jefesprofootball.com/wp-content/uploads/2023/07/JEFES-VS-REDS-1415e2.jpg]
[i0.wp.com/jefesprofootball.com/wp-content/uploads/2023/07/JEFES-VS-REDS-1515e2.jpg]
[i0.wp.com/jefesprofootball.com/wp-content/uploads/2023/07/JEFES-VS-REDS-1615e2.jpg]
[i0.wp.com/jefesprofootball.com/wp-content/uploads/2023/07/JEFES-VS-REDS-1715e2.jpg]
[i0.wp.com/jefesprofootball.com/wp-content/uploads/2023/07/JEFES-VS-REDS-1915e2.jpg]
[i0.wp.com/jefesprofootball.com/wp-content/uploads/2023/07/JEFES-VS-REDS-2015e2.jpg]
[i0.wp.com/jefesprofootball.com/wp-content/uploads/2023/07/JEFES-VS-REDS-2115e2.jpg]
[i0.wp.com/jefesprofootball.com/wp-content/uploads/2023/07/JEFES-VS-REDS-2315e2.jpg]
[i0.wp.com/jefesprofootball.com/wp-content/uploads/2023/07/JEFES-VS-REDS-2615e2.jpg]
[i0.wp.com/jefesprofootball.com/wp-content/uploads/2023/07/JEFES-VS-REDS-2815e2.jpg]
[i0.wp.com/jefesprofootball.com/wp-content/uploads/2023/07/JEFES-VS-REDS-2915e2.jpg]
[i0.wp.com/jefesprofootball.com/wp-content/uploads/2023/07/JEFES-VS-REDS-3015e2.jpg]
[i0.wp.com/jefesprofootball.com/wp-content/uploads/2023/07/JEFES-VS-REDS-3115e2.jpg]
[i0.wp.com/jefesprofootball.com/wp-content/uploads/2023/07/JEFES-VS-REDS-3215e2.jpg]
[i0.wp.com/jefesprofootball.com/wp-content/uploads/2023/07/JEFES-VS-REDS-3315e2.jpg]
[i0.wp.com/jefesprofootball.com/wp-content/uploads/2023/07/JEFES-VS-REDS-3515e2.jpg]
[i0.wp.com/jefesprofootball.com/wp-content/uploads/2023/07/JEFES-VS-REDS-3615e2.jpg]
[i0.wp.com/jefesprofootball.com/wp-content/uploads/2023/07/JEFES-VS-REDS-3715e2.jpg]
[i0.wp.com/jefesprofootball.com/wp-content/uploads/2023/07/JEFES-VS-REDS-4315e2.jpg]
[i0.wp.com/jefesprofootball.com/wp-content/uploads/2023/07/JEFES-VS-REDS-9615e2.jpg]
[i0.wp.com/jefesprofootball.com/wp-content/uploads/2023/07/JEFES-VS-REDS-9715e2.jpg]
[i0.wp.com/jefesprofootball.com/wp-content/uploads/2023/07/JEFES-VS-REDS-9815e2.jpg]
[i0.wp.com/jefesprofootball.com/wp-content/uploads/2023/07/JEFES-VS-REDS-9915e2.jpg]
[i0.wp.com/jefesprofootball.com/wp-content/uploads/2023/07/JEFES-VS-REDS-10015e2.jpg]
[i0.wp.com/jefesprofootball.com/wp-content/uploads/2023/07/JEFES-VS-REDS-10115e2.jpg]
[i0.wp.com/jefesprofootball.com/wp-content/uploads/2023/07/JEFES-VS-REDS-10215e2.jpg]
[i0.wp.com/jefesprofootball.com/wp-content/uploads/2023/07/JEFES-VS-REDS-10315e2.jpg]
[i0.wp.com/jefesprofootball.com/wp-content/uploads/2023/07/JEFES-VS-REDS-10415e2.jpg]
[i0.wp.com/jefesprofootball.com/wp-content/uploads/2023/07/JEFES-VS-REDS-10515e2.jpg]
[i0.wp.com/jefesprofootball.com/wp-content/uploads/2023/07/JEFES-VS-REDS-10615e2.jpg]
[i0.wp.com/jefesprofootball.com/wp-content/uploads/2023/07/JEFES-VS-REDS-10715e2.jpg]
[i0.wp.com/jefesprofootball.com/wp-content/uploads/2023/07/JEFES-VS-REDS-10815e2.jpg]
[i0.wp.com/jefesprofootball.com/wp-content/uploads/2023/07/JEFES-VS-REDS-10915e2.jpg]
[i0.wp.com/jefesprofootball.com/wp-content/uploads/2023/07/JEFES-VS-REDS-11015e2.jpg]
[i0.wp.com/jefesprofootball.com/wp-content/uploads/2023/07/JEFES-VS-REDS-11115e2.jpg]
[i0.wp.com/jefesprofootball.com/wp-content/uploads/2023/07/JEFES-VS-REDS-11215e2.jpg]
[i0.wp.com/jefesprofootball.com/wp-content/uploads/2023/07/JEFES-VS-REDS-11315e2.jpg]
[jefesprofootball.com/wp-content/uploads/2023/07/JEFES-VS-REDS-113.jpg]
[jefesprofootball.com/wp-content/uploads/2023/07/JEFES-VS-REDS-112.jpg]
[jefesprofootball.com/wp-content/uploads/2023/07/JEFES-VS-REDS-111.jpg]
[jefesprofootball.com/wp-content/uploads/2023/07/JEFES-VS-REDS-110.jpg]
[jefesprofootball.com/wp-content/uploads/2023/07/JEFES-VS-REDS-109.jpg]
[jefesprofootball.com/wp-content/uploads/2023/07/JEFES-VS-REDS-108.jpg]
[jefesprofootball.com/wp-content/uploads/2023/07/JEFES-VS-REDS-107.jpg]
[jefesprofootball.com/wp-content/uploads/2023/07/JEFES-VS-REDS-106.jpg]
[jefesprofootball.com/wp-content/uploads/2023/07/JEFES-VS-REDS-105.jpg]
[jefesprofootball.com/wp-content/uploads/2023/07/JEFES-VS-REDS-104.jpg]
[jefesprofootball.com/wp-content/uploads/2023/07/JEFES-VS-REDS-103.jpg]
[jefesprofootball.com/wp-content/uploads/2023/07/JEFES-VS-REDS-102.jpg]
[jefesprofootball.com/wp-content/uploads/2023/07/JEFES-VS-REDS-101.jpg]
[jefesprofootball.com/wp-content/uploads/2023/07/JEFES-VS-REDS-100.jpg]
[jefesprofootball.com/wp-content/uploads/2023/07/JEFES-VS-REDS-99.jpg]
[jefesprofootball.com/wp-content/uploads/2023/07/JEFES-VS-REDS-98.jpg]
[jefesprofootball.com/wp-content/uploads/2023/07/JEFES-VS-REDS-97.jpg]
[jefesprofootball.com/wp-content/uploads/2023/07/JEFES-VS-REDS-96.jpg]
[jefesprofootball.com/wp-content/uploads/2023/07/JEFES-VS-REDS-43.jpg]
[jefesprofootball.com/wp-content/uploads/2023/07/JEFES-VS-REDS-37.jpg]
[jefesprofootball.com/wp-content/uploads/2023/07/JEFES-VS-REDS-36.jpg]
[jefesprofootball.com/wp-content/uploads/2023/07/JEFES-VS-REDS-35.jpg]
[jefesprofootball.com/wp-content/uploads/2023/07/JEFES-VS-REDS-33.jpg]
[jefesprofootball.com/wp-content/uploads/2023/07/JEFES-VS-REDS-32.jpg]
[jefesprofootball.com/wp-content/uploads/2023/07/JEFES-VS-REDS-31.jpg]
[jefesprofootball.com/wp-content/uploads/2023/07/JEFES-VS-REDS-30.jpg]
[jefesprofootball.com/wp-content/uploads/2023/07/JEFES-VS-REDS-29.jpg]
[jefesprofootball.com/wp-content/uploads/2023/07/JEFES-VS-REDS-28.jpg]
[jefesprofootball.com/wp-content/uploads/2023/07/JEFES-VS-REDS-26.jpg]
[jefesprofootball.com/wp-content/uploads/2023/07/JEFES-VS-REDS-23.jpg]
[jefesprofootball.com/wp-content/uploads/2023/07/JEFES-VS-REDS-21.jpg]
[jefesprofootball.com/wp-content/uploads/2023/07/JEFES-VS-REDS-20.jpg]
[jefesprofootball.com/wp-content/uploads/2023/07/JEFES-VS-REDS-19.jpg]
[jefesprofootball.com/wp-content/uploads/2023/07/JEFES-VS-REDS-17.jpg]
[jefesprofootball.com/wp-content/uploads/2023/07/JEFES-VS-REDS-16.jpg]
[jefesprofootball.com/wp-content/uploads/2023/07/JEFES-VS-REDS-15.jpg]
[jefesprofootball.com/wp-content/uploads/2023/07/JEFES-VS-REDS-14.jpg]
[jefesprofootball.com/wp-content/uploads/2023/07/JEFES-VS-REDS-13.jpg]
[i0.wp.com/jefesprofootball.com/wp-content/uploads/2023/07/277775110_119082214060493_5752289972012178679_n15e2.jpg]
[i0.wp.com/jefesprofootball.com/wp-content/uploads/2023/07/277590116_119079100727471_8438004167320966235_n15e2.jpg]
[i0.wp.com/jefesprofootball.com/wp-content/uploads/2023/07/277588922_119078677394180_6064840566529576565_n15e2.jpg]
[i0.wp.com/jefesprofootball.com/wp-content/uploads/2023/07/277587808_119079707394077_4455398547820942168_n15e2.jpg]
[i0.wp.com/jefesprofootball.com/wp-content/uploads/2023/07/277566229_119080984060616_2152840648763516876_n15e2.jpg]
[i0.wp.com/jefesprofootball.com/wp-content/uploads/2023/07/277560373_119082224060492_5141440400935262648_n15e2.jpg]
[i0.wp.com/jefesprofootball.com/wp-content/uploads/2023/07/277557251_119080190727362_7176645431017251209_n15e2.jpg]
[i0.wp.com/jefesprofootball.com/wp-content/uploads/2023/07/277666890_118097170825664_2298378795689162215_n15e2.jpg]
[i0.wp.com/jefesprofootball.com/wp-content/uploads/2023/07/277585870_118097117492336_3633109482775413595_n15e2.jpg]
[i0.wp.com/jefesprofootball.com/wp-content/uploads/2023/07/277570273_118097147492333_7953784912849103837_n15e2.jpg]
[i0.wp.com/jefesprofootball.com/wp-content/uploads/2023/07/277555686_118097237492324_4596983706983287031_n15e2.jpg]
[i0.wp.com/jefesprofootball.com/wp-content/uploads/2023/07/277553586_118096984159016_687298508195623896_n15e2.jpg]
[i0.wp.com/jefesprofootball.com/wp-content/uploads/2023/07/277552075_118097020825679_7248255609686027860_n15e2.jpg]
[i0.wp.com/jefesprofootball.com/wp-content/uploads/2023/07/277551508_118096877492360_6780063701300001772_n15e2.jpg]
[i0.wp.com/jefesprofootball.com/wp-content/uploads/2023/07/277539302_118097100825671_4560456773094667489_n15e2.jpg]
[i0.wp.com/jefesprofootball.com/wp-content/uploads/2023/07/277522882_118097034159011_2318974439223921600_n15e2.jpg]
[i0.wp.com/jefesprofootball.com/wp-content/uploads/2023/07/277522551_118097197492328_3215748634472757438_n15e2.jpg]
[i0.wp.com/jefesprofootball.com/wp-content/uploads/2023/07/277353276_118097064159008_431759311718920186_n15e2.jpg]
[i0.wp.com/jefesprofootball.com/wp-content/uploads/2023/07/277308871_118096890825692_3720805275432468693_n15e2.jpg]
[i0.wp.com/jefesprofootball.com/wp-content/uploads/2023/07/277308690_118097220825659_2731035339967370265_n15e2.jpg]
[i0.wp.com/jefesprofootball.com/wp-content/uploads/2023/07/277298489_118096954159019_2650149373036388127_n15e2.jpg]
[i0.wp.com/jefesprofootball.com/wp-content/uploads/2023/07/277252854_118096884159026_8348617764059522754_n15e2.jpg]
[i0.wp.com/jefesprofootball.com/wp-content/uploads/2023/07/277249315_118096944159020_7078565954665940382_n15e2.jpg]
[i0.wp.com/jefesprofootball.com/wp-content/uploads/2023/07/277226490_118097267492321_6181839540233288008_n15e2.jpg]
[i0.wp.com/jefesprofootball.com/wp-content/uploads/2023/07/278016914_120312350604146_6982245267046558003_n15e2.jpg]
[i0.wp.com/jefesprofootball.com/wp-content/uploads/2023/07/278016851_120312363937478_5522330734200322880_n15e2.jpg]
[i0.wp.com/jefesprofootball.com/wp-content/uploads/2023/07/278011938_120312417270806_1983409567962492175_n15e2.jpg]
[i0.wp.com/jefesprofootball.com/wp-content/uploads/2023/07/278005575_120312330604148_7555277367695293890_n15e2.jpg]
[i0.wp.com/jefesprofootball.com/wp-content/uploads/2023/07/277988291_120312383937476_8681966413159709318_n15e2.jpg]
[i0.wp.com/jefesprofootball.com/wp-content/uploads/2023/07/277985894_120312360604145_2322600378853536958_n15e2.jpg]
[i0.wp.com/jefesprofootball.com/wp-content/uploads/2023/07/277819110_120312333937481_2375316538334216424_n15e2.jpg]
[i0.wp.com/jefesprofootball.com/wp-content/uploads/2023/07/277807689_120312433937471_6253348589916315706_n15e2.jpg]
[i0.wp.com/jefesprofootball.com/wp-content/uploads/2023/07/277772885_120312387270809_7477806870150914072_n15e2.jpg]
[i0.wp.com/jefesprofootball.com/wp-content/uploads/2023/07/277745910_120312413937473_647504585277095374_n15e2.jpg]
[i0.wp.com/jefesprofootball.com/wp-content/uploads/2023/07/310550116_166389772663070_1339333002597497607_n15e2.jpg]
[i0.wp.com/jefesprofootball.com/wp-content/uploads/2023/07/310543993_166389729329741_8105801359142397995_n15e2.jpg]
[i0.wp.com/jefesprofootball.com/wp-content/uploads/2023/07/310446582_166389375996443_1187252118467035835_n15e2.jpg]
[i0.wp.com/jefesprofootball.com/wp-content/uploads/2023/07/310429264_166389649329749_2476769567478961088_n15e2.jpg]
[i0.wp.com/jefesprofootball.com/wp-content/uploads/2023/07/310400090_166389805996400_8896801928687507411_n15e2.jpg]
[i0.wp.com/jefesprofootball.com/wp-content/uploads/2023/07/310145951_166389799329734_7288590642943795243_n15e2.jpg]
[i0.wp.com/jefesprofootball.com/wp-content/uploads/2023/07/310085482_166389482663099_3070855894430074044_n15e2.jpg]
[i0.wp.com/jefesprofootball.com/wp-content/uploads/2023/07/310046592_166389755996405_8514149275127301863_n15e2.jpg]
[i0.wp.com/jefesprofootball.com/wp-content/uploads/2023/07/310040191_166389412663106_6912966466765854665_n15e2.jpg]
[i0.wp.com/jefesprofootball.com/wp-content/uploads/2023/07/310018137_166389439329770_2911202319918529945_n15e2.jpg]
[i0.wp.com/jefesprofootball.com/wp-content/uploads/2023/07/309988628_166389742663073_1399419726071055641_n15e2.jpg]
[i0.wp.com/jefesprofootball.com/wp-content/uploads/2023/07/309917590_166389425996438_9138855616461982083_n15e2.jpg]
[i0.wp.com/jefesprofootball.com/wp-content/uploads/2023/07/309175693_165212126114168_7549960548909533699_n15e2.jpg]
[i0.wp.com/jefesprofootball.com/wp-content/uploads/2023/07/308986494_165212076114173_6378807593197373794_n15e2.jpg]
[i0.wp.com/jefesprofootball.com/wp-content/uploads/2023/07/308964697_165212136114167_6703279358108698006_n15e2.jpg]
[i0.wp.com/jefesprofootball.com/wp-content/uploads/2023/07/308951821_165212036114177_2644050453643045760_n15e2.jpg]
[i0.wp.com/jefesprofootball.com/wp-content/uploads/2023/07/280652242_130916269543754_4552444986170200567_n15e2.jpg]
[i0.wp.com/jefesprofootball.com/wp-content/uploads/2023/07/280630356_130916199543761_2042160195966546850_n15e2.jpg]
[i0.wp.com/jefesprofootball.com/wp-content/uploads/2023/07/280623210_130916086210439_1996501395280435989_n15e2.jpg]
[i0.wp.com/jefesprofootball.com/wp-content/uploads/2023/07/280575868_130916116210436_8854014529978672018_n15e2.jpg]
[i0.wp.com/jefesprofootball.com/wp-content/uploads/2023/07/280540056_130916159543765_8681407543019543820_n15e2.jpg]
[i0.wp.com/jefesprofootball.com/wp-content/uploads/2023/07/280498370_130916236210424_1396901260763980481_n15e2.jpg]
[i0.wp.com/jefesprofootball.com/wp-content/uploads/2023/07/280490132_130916172877097_523743796009684397_n15e2.jpg]
[i0.wp.com/jefesprofootball.com/wp-content/uploads/2023/07/280487370_130916136210434_8810979791364413436_n15e2.jpg]
[i0.wp.com/jefesprofootball.com/wp-content/uploads/2023/07/278707885_124428290192552_337421242932909774_n15e2.jpg]
[i0.wp.com/jefesprofootball.com/wp-content/uploads/2023/07/278599529_124429830192398_3544654957083199513_n15e2.jpg]
[i0.wp.com/jefesprofootball.com/wp-content/uploads/2023/07/278492586_124429310192450_484293755221170914_n15e2.jpg]
[i0.wp.com/jefesprofootball.com/wp-content/uploads/2023/07/278468810_124428863525828_4427183870629687106_n15e2.jpg]
[i0.wp.com/jefesprofootball.com/wp-content/uploads/2023/07/278445118_124427363525978_80850351433330655_n15e2.jpg]
[i0.wp.com/jefesprofootball.com/wp-content/uploads/2023/07/278421948_124428556859192_1137153252412963735_n15e2.jpg]
[i0.wp.com/jefesprofootball.com/wp-content/uploads/2023/07/279345743_126479129987468_5438022389679035771_n15e2.jpg]
[i0.wp.com/jefesprofootball.com/wp-content/uploads/2023/07/279274321_126477013321013_3715813329134006875_n15e2.jpg]
[i0.wp.com/jefesprofootball.com/wp-content/uploads/2023/07/279201496_126477476654300_1047178313321775487_n15e2.jpg]
[i0.wp.com/jefesprofootball.com/wp-content/uploads/2023/07/279199708_126477289987652_1064010780270232663_n15e2.jpg]
[i0.wp.com/jefesprofootball.com/wp-content/uploads/2023/07/279193327_126477926654255_267352085862283637_n15e2.jpg]
[i0.wp.com/jefesprofootball.com/wp-content/uploads/2023/07/279184610_126477983320916_6981663450743181725_n15e2.jpg]
[i0.wp.com/jefesprofootball.com/wp-content/uploads/2023/07/279137157_126477213320993_4798903815525358368_n15e2.jpg]
[i0.wp.com/jefesprofootball.com/wp-content/uploads/2023/07/290647212_144286051540109_1254085922038756918_n15e2.jpg]
[i0.wp.com/jefesprofootball.com/wp-content/uploads/2023/07/290637054_144286834873364_8548925874364711388_n15e2.jpg]
[i0.wp.com/jefesprofootball.com/wp-content/uploads/2023/07/290571973_144284968206884_3750743738503300614_n15e2.jpg]
[i0.wp.com/jefesprofootball.com/wp-content/uploads/2023/07/290509047_144287101540004_4858467317820240855_n15e2.jpg]
[i0.wp.com/jefesprofootball.com/wp-content/uploads/2023/07/290322891_144287158206665_1516443863723095226_n15e2.jpg]
[i0.wp.com/jefesprofootball.com/wp-content/uploads/2023/07/290242950_144287398206641_2601575471278583048_n15e2.jpg]
[i0.wp.com/jefesprofootball.com/wp-content/uploads/2023/07/290153834_144287388206642_5104596719912658748_n-115e2.jpg]
[i0.wp.com/jefesprofootball.com/wp-content/uploads/2023/07/290153834_144287388206642_5104596719912658748_n15e2.jpg]
[i0.wp.com/jefesprofootball.com/wp-content/uploads/2023/07/290140740_144286641540050_4968128056303589500_n15e2.jpg]
[i0.wp.com/jefesprofootball.com/wp-content/uploads/2023/07/290129693_144285264873521_6545552202604115516_n15e2.jpg]
[i0.wp.com/jefesprofootball.com/wp-content/uploads/2023/07/289952769_144286788206702_8745838408313954597_n15e2.jpg]
[i0.wp.com/jefesprofootball.com/wp-content/uploads/2023/07/289896684_144284931540221_1529287057172091607_n15e2.jpg]
[i0.wp.com/jefesprofootball.com/wp-content/uploads/2023/07/289771218_144286694873378_8273259232855561211_n15e2.jpg]
[i0.wp.com/jefesprofootball.com/wp-content/uploads/2023/07/289721911_144287661539948_3333002266154194149_n15e2.jpg]
[i0.wp.com/jefesprofootball.com/wp-content/uploads/2023/07/289689210_144285911540123_6976303248615493611_n15e2.jpg]
[i0.wp.com/jefesprofootball.com/wp-content/uploads/2023/07/289674910_144287141540000_2358703655645711327_n15e2.jpg]
[i0.wp.com/jefesprofootball.com/wp-content/uploads/2023/07/289649905_144287201539994_8807312080590898940_n15e2.jpg]
[i0.wp.com/jefesprofootball.com/wp-content/uploads/2023/07/289626480_144285388206842_668647798861371681_n15e2.jpg]
[i0.wp.com/jefesprofootball.com/wp-content/uploads/2023/07/289451293_144287831539931_3625368895088459572_n15e2.jpg]
[i0.wp.com/jefesprofootball.com/wp-content/uploads/2023/07/313262138_171701845465196_3462376143416448191_n15e2.jpg]
[i0.wp.com/jefesprofootball.com/wp-content/uploads/2023/07/313096028_171701825465198_8765982998795340985_n15e2.jpg]
[i0.wp.com/jefesprofootball.com/wp-content/uploads/2023/07/313016803_171701865465194_1635454249406953673_n15e2.jpg]
[i0.wp.com/jefesprofootball.com/wp-content/uploads/2023/07/313008086_171701862131861_498360811925616868_n15e2.jpg]
[i0.wp.com/jefesprofootball.com/wp-content/uploads/2023/07/312867564_171701792131868_4008231573208652298_n15e2.jpg]
[i0.wp.com/jefesprofootball.com/wp-content/uploads/2023/07/312852184_171701842131863_7911377644510433834_n15e2.jpg]
[i0.wp.com/jefesprofootball.com/wp-content/uploads/2023/07/312557531_171701768798537_7783131806670810166_n15e2.jpg]
[i0.wp.com/jefesprofootball.com/wp-content/uploads/2023/07/302409605_159532263348821_4157690854379585901_n15e2.jpg]
[i0.wp.com/jefesprofootball.com/wp-content/uploads/2023/07/302177373_159532170015497_5646758138116486628_n15e2.jpg]
[i0.wp.com/jefesprofootball.com/wp-content/uploads/2023/07/302126631_159532560015458_5936302317134708895_n15e2.jpg]
[i0.wp.com/jefesprofootball.com/wp-content/uploads/2023/07/302095070_159532380015476_2690727287612607773_n15e2.jpg]
[i0.wp.com/jefesprofootball.com/wp-content/uploads/2023/07/302046465_159532370015477_7664818806325586710_n15e2.jpg]
[i0.wp.com/jefesprofootball.com/wp-content/uploads/2023/07/302003652_159532663348781_3336317689015446751_n15e2.jpg]
[i0.wp.com/jefesprofootball.com/wp-content/uploads/2023/07/301843481_159532690015445_2338303298238876172_n15e2.jpg]
[i0.wp.com/jefesprofootball.com/wp-content/uploads/2023/07/301830659_159532606682120_6991036756185491390_n15e2.jpg]
[i0.wp.com/jefesprofootball.com/wp-content/uploads/2023/07/301769306_159532346682146_4478650331917817356_n15e2.jpg]
[i0.wp.com/jefesprofootball.com/wp-content/uploads/2023/07/301739772_159532433348804_832180992751397241_n15e2.jpg]
[i0.wp.com/jefesprofootball.com/wp-content/uploads/2023/07/301631959_159532026682178_8912262249509890041_n15e2.jpg]
[i0.wp.com/jefesprofootball.com/wp-content/uploads/2023/07/301537798_159532083348839_4682608612330223066_n15e2.jpg]
[i0.wp.com/jefesprofootball.com/wp-content/uploads/2023/07/301484628_159532240015490_8184815761433415145_n15e2.jpg]
[i0.wp.com/jefesprofootball.com/wp-content/uploads/2023/07/301451740_159532456682135_3413395684583054518_n15e2.jpg]
[i0.wp.com/jefesprofootball.com/wp-content/uploads/2023/07/301406253_159532153348832_5402991548421590998_n15e2.jpg]
[i0.wp.com/jefesprofootball.com/wp-content/uploads/2023/07/301393680_159532250015489_5697395549450729251_n15e2.jpg]
[i0.wp.com/jefesprofootball.com/wp-content/uploads/2023/07/301385156_159532646682116_5420267801929047676_n15e2.jpg]
[jefesprofootball.com/wp-content/uploads/2023/07/301385156_159532646682116_5420267801929047676_n.jpg]
[jefesprofootball.com/wp-content/uploads/2023/07/301393680_159532250015489_5697395549450729251_n.jpg]
[jefesprofootball.com/wp-content/uploads/2023/07/301406253_159532153348832_5402991548421590998_n.jpg]
[jefesprofootball.com/wp-content/uploads/2023/07/301451740_159532456682135_3413395684583054518_n.jpg]
[jefesprofootball.com/wp-content/uploads/2023/07/301484628_159532240015490_8184815761433415145_n.jpg]
[jefesprofootball.com/wp-content/uploads/2023/07/301537798_159532083348839_4682608612330223066_n.jpg]
[jefesprofootball.com/wp-content/uploads/2023/07/301631959_159532026682178_8912262249509890041_n.jpg]
[jefesprofootball.com/wp-content/uploads/2023/07/301739772_159532433348804_832180992751397241_n.jpg]
[jefesprofootball.com/wp-content/uploads/2023/07/301769306_159532346682146_4478650331917817356_n.jpg]
[jefesprofootball.com/wp-content/uploads/2023/07/301830659_159532606682120_6991036756185491390_n.jpg]
[jefesprofootball.com/wp-content/uploads/2023/07/301843481_159532690015445_2338303298238876172_n.jpg]
[jefesprofootball.com/wp-content/uploads/2023/07/302003652_159532663348781_3336317689015446751_n.jpg]
[jefesprofootball.com/wp-content/uploads/2023/07/302046465_159532370015477_7664818806325586710_n.jpg]
[jefesprofootball.com/wp-content/uploads/2023/07/302095070_159532380015476_2690727287612607773_n.jpg]
[jefesprofootball.com/wp-content/uploads/2023/07/302126631_159532560015458_5936302317134708895_n.jpg]
[jefesprofootball.com/wp-content/uploads/2023/07/302177373_159532170015497_5646758138116486628_n.jpg]
[jefesprofootball.com/wp-content/uploads/2023/07/302409605_159532263348821_4157690854379585901_n.jpg]
[jefesprofootball.com/wp-content/uploads/2023/07/312557531_171701768798537_7783131806670810166_n.jpg]
[jefesprofootball.com/wp-content/uploads/2023/07/312852184_171701842131863_7911377644510433834_n.jpg]
[jefesprofootball.com/wp-content/uploads/2023/07/312867564_171701792131868_4008231573208652298_n.jpg]
[jefesprofootball.com/wp-content/uploads/2023/07/313008086_171701862131861_498360811925616868_n.jpg]
[jefesprofootball.com/wp-content/uploads/2023/07/313016803_171701865465194_1635454249406953673_n.jpg]
[jefesprofootball.com/wp-content/uploads/2023/07/313096028_171701825465198_8765982998795340985_n.jpg]
[jefesprofootball.com/wp-content/uploads/2023/07/313262138_171701845465196_3462376143416448191_n.jpg]
[jefesprofootball.com/wp-content/uploads/2023/07/289451293_144287831539931_3625368895088459572_n.jpg]
[jefesprofootball.com/wp-content/uploads/2023/07/289626480_144285388206842_668647798861371681_n.jpg]
[jefesprofootball.com/wp-content/uploads/2023/07/289649905_144287201539994_8807312080590898940_n.jpg]
[jefesprofootball.com/wp-content/uploads/2023/07/289674910_144287141540000_2358703655645711327_n.jpg]
[jefesprofootball.com/wp-content/uploads/2023/07/289689210_144285911540123_6976303248615493611_n.jpg]
[jefesprofootball.com/wp-content/uploads/2023/07/289721911_144287661539948_3333002266154194149_n.jpg]
[jefesprofootball.com/wp-content/uploads/2023/07/289771218_144286694873378_8273259232855561211_n.jpg]
[jefesprofootball.com/wp-content/uploads/2023/07/289896684_144284931540221_1529287057172091607_n.jpg]
[jefesprofootball.com/wp-content/uploads/2023/07/289952769_144286788206702_8745838408313954597_n.jpg]
[jefesprofootball.com/wp-content/uploads/2023/07/290129693_144285264873521_6545552202604115516_n.jpg]
[jefesprofootball.com/wp-content/uploads/2023/07/290140740_144286641540050_4968128056303589500_n.jpg]
[jefesprofootball.com/wp-content/uploads/2023/07/290153834_144287388206642_5104596719912658748_n.jpg]
[jefesprofootball.com/wp-content/uploads/2023/07/290153834_144287388206642_5104596719912658748_n-1.jpg]
[jefesprofootball.com/wp-content/uploads/2023/07/290242950_144287398206641_2601575471278583048_n.jpg]
[jefesprofootball.com/wp-content/uploads/2023/07/290322891_144287158206665_1516443863723095226_n.jpg]
[jefesprofootball.com/wp-content/uploads/2023/07/290509047_144287101540004_4858467317820240855_n.jpg]
[jefesprofootball.com/wp-content/uploads/2023/07/290571973_144284968206884_3750743738503300614_n.jpg]
[jefesprofootball.com/wp-content/uploads/2023/07/290637054_144286834873364_8548925874364711388_n.jpg]
[jefesprofootball.com/wp-content/uploads/2023/07/290647212_144286051540109_1254085922038756918_n.jpg]
[jefesprofootball.com/wp-content/uploads/2023/07/279137157_126477213320993_4798903815525358368_n.jpg]
[jefesprofootball.com/wp-content/uploads/2023/07/279184610_126477983320916_6981663450743181725_n.jpg]
[jefesprofootball.com/wp-content/uploads/2023/07/279193327_126477926654255_267352085862283637_n.jpg]
[jefesprofootball.com/wp-content/uploads/2023/07/279199708_126477289987652_1064010780270232663_n.jpg]
[jefesprofootball.com/wp-content/uploads/2023/07/279201496_126477476654300_1047178313321775487_n.jpg]
[jefesprofootball.com/wp-content/uploads/2023/07/279274321_126477013321013_3715813329134006875_n.jpg]
[jefesprofootball.com/wp-content/uploads/2023/07/279345743_126479129987468_5438022389679035771_n.jpg]
[jefesprofootball.com/wp-content/uploads/2023/07/278421948_124428556859192_1137153252412963735_n.jpg]
[jefesprofootball.com/wp-content/uploads/2023/07/278445118_124427363525978_80850351433330655_n.jpg]
[jefesprofootball.com/wp-content/uploads/2023/07/278468810_124428863525828_4427183870629687106_n.jpg]
[jefesprofootball.com/wp-content/uploads/2023/07/278492586_124429310192450_484293755221170914_n.jpg]
[jefesprofootball.com/wp-content/uploads/2023/07/278599529_124429830192398_3544654957083199513_n.jpg]
[jefesprofootball.com/wp-content/uploads/2023/07/278707885_124428290192552_337421242932909774_n.jpg]
[jefesprofootball.com/wp-content/uploads/2023/07/280487370_130916136210434_8810979791364413436_n.jpg]
[jefesprofootball.com/wp-content/uploads/2023/07/280490132_130916172877097_523743796009684397_n.jpg]
[jefesprofootball.com/wp-content/uploads/2023/07/280498370_130916236210424_1396901260763980481_n.jpg]
[jefesprofootball.com/wp-content/uploads/2023/07/280540056_130916159543765_8681407543019543820_n.jpg]
[jefesprofootball.com/wp-content/uploads/2023/07/280575868_130916116210436_8854014529978672018_n.jpg]
[jefesprofootball.com/wp-content/uploads/2023/07/280623210_130916086210439_1996501395280435989_n.jpg]
[jefesprofootball.com/wp-content/uploads/2023/07/280630356_130916199543761_2042160195966546850_n.jpg]
[jefesprofootball.com/wp-content/uploads/2023/07/280652242_130916269543754_4552444986170200567_n.jpg]
[jefesprofootball.com/wp-content/uploads/2023/07/308951821_165212036114177_2644050453643045760_n.jpg]
[jefesprofootball.com/wp-content/uploads/2023/07/308964697_165212136114167_6703279358108698006_n.jpg]
[jefesprofootball.com/wp-content/uploads/2023/07/308986494_165212076114173_6378807593197373794_n.jpg]
[jefesprofootball.com/wp-content/uploads/2023/07/309175693_165212126114168_7549960548909533699_n.jpg]
[jefesprofootball.com/wp-content/uploads/2023/07/309917590_166389425996438_9138855616461982083_n.jpg]
[jefesprofootball.com/wp-content/uploads/2023/07/309988628_166389742663073_1399419726071055641_n.jpg]
[jefesprofootball.com/wp-content/uploads/2023/07/310018137_166389439329770_2911202319918529945_n.jpg]
[jefesprofootball.com/wp-content/uploads/2023/07/310040191_166389412663106_6912966466765854665_n.jpg]
[jefesprofootball.com/wp-content/uploads/2023/07/310046592_166389755996405_8514149275127301863_n.jpg]
[jefesprofootball.com/wp-content/uploads/2023/07/310085482_166389482663099_3070855894430074044_n.jpg]
[jefesprofootball.com/wp-content/uploads/2023/07/310145951_166389799329734_7288590642943795243_n.jpg]
[jefesprofootball.com/wp-content/uploads/2023/07/310400090_166389805996400_8896801928687507411_n.jpg]
[jefesprofootball.com/wp-content/uploads/2023/07/310429264_166389649329749_2476769567478961088_n.jpg]
[jefesprofootball.com/wp-content/uploads/2023/07/310446582_166389375996443_1187252118467035835_n.jpg]
[jefesprofootball.com/wp-content/uploads/2023/07/310543993_166389729329741_8105801359142397995_n.jpg]
[jefesprofootball.com/wp-content/uploads/2023/07/310550116_166389772663070_1339333002597497607_n.jpg]
[jefesprofootball.com/wp-content/uploads/2023/07/277745910_120312413937473_647504585277095374_n.jpg]
[jefesprofootball.com/wp-content/uploads/2023/07/277772885_120312387270809_7477806870150914072_n.jpg]
[jefesprofootball.com/wp-content/uploads/2023/07/277807689_120312433937471_6253348589916315706_n.jpg]
[jefesprofootball.com/wp-content/uploads/2023/07/277819110_120312333937481_2375316538334216424_n.jpg]
[jefesprofootball.com/wp-content/uploads/2023/07/277985894_120312360604145_2322600378853536958_n.jpg]
[jefesprofootball.com/wp-content/uploads/2023/07/277988291_120312383937476_8681966413159709318_n.jpg]
[jefesprofootball.com/wp-content/uploads/2023/07/278005575_120312330604148_7555277367695293890_n.jpg]
[jefesprofootball.com/wp-content/uploads/2023/07/278011938_120312417270806_1983409567962492175_n.jpg]
[jefesprofootball.com/wp-content/uploads/2023/07/278016851_120312363937478_5522330734200322880_n.jpg]
[jefesprofootball.com/wp-content/uploads/2023/07/278016914_120312350604146_6982245267046558003_n.jpg]
[jefesprofootball.com/wp-content/uploads/2023/07/277226490_118097267492321_6181839540233288008_n.jpg]
[jefesprofootball.com/wp-content/uploads/2023/07/277249315_118096944159020_7078565954665940382_n.jpg]
[jefesprofootball.com/wp-content/uploads/2023/07/277252854_118096884159026_8348617764059522754_n.jpg]
[jefesprofootball.com/wp-content/uploads/2023/07/277298489_118096954159019_2650149373036388127_n.jpg]
[jefesprofootball.com/wp-content/uploads/2023/07/277308690_118097220825659_2731035339967370265_n.jpg]
[jefesprofootball.com/wp-content/uploads/2023/07/277308871_118096890825692_3720805275432468693_n.jpg]
[jefesprofootball.com/wp-content/uploads/2023/07/277353276_118097064159008_431759311718920186_n.jpg]
[jefesprofootball.com/wp-content/uploads/2023/07/277522551_118097197492328_3215748634472757438_n.jpg]
[jefesprofootball.com/wp-content/uploads/2023/07/277522882_118097034159011_2318974439223921600_n.jpg]
[jefesprofootball.com/wp-content/uploads/2023/07/277539302_118097100825671_4560456773094667489_n.jpg]
[jefesprofootball.com/wp-content/uploads/2023/07/277551508_118096877492360_6780063701300001772_n.jpg]
[jefesprofootball.com/wp-content/uploads/2023/07/277552075_118097020825679_7248255609686027860_n.jpg]
[jefesprofootball.com/wp-content/uploads/2023/07/277553586_118096984159016_687298508195623896_n.jpg]
[jefesprofootball.com/wp-content/uploads/2023/07/277555686_118097237492324_4596983706983287031_n.jpg]
[jefesprofootball.com/wp-content/uploads/2023/07/277570273_118097147492333_7953784912849103837_n.jpg]
[jefesprofootball.com/wp-content/uploads/2023/07/277585870_118097117492336_3633109482775413595_n.jpg]
[jefesprofootball.com/wp-content/uploads/2023/07/277666890_118097170825664_2298378795689162215_n.jpg]
[jefesprofootball.com/wp-content/uploads/2023/07/277557251_119080190727362_7176645431017251209_n.jpg]
[jefesprofootball.com/wp-content/uploads/2023/07/277560373_119082224060492_5141440400935262648_n.jpg]
[jefesprofootball.com/wp-content/uploads/2023/07/277566229_119080984060616_2152840648763516876_n.jpg]
[jefesprofootball.com/wp-content/uploads/2023/07/277587808_119079707394077_4455398547820942168_n.jpg]
[jefesprofootball.com/wp-content/uploads/2023/07/277588922_119078677394180_6064840566529576565_n.jpg]
[jefesprofootball.com/wp-content/uploads/2023/07/277590116_119079100727471_8438004167320966235_n.jpg]
[jefesprofootball.com/wp-content/uploads/2023/07/277775110_119082214060493_5752289972012178679_n.jpg]
[jefesprofootball.com/wp-content/uploads/2023/07/277776559_119083460727035_4393219796185824953_n.jpg]
[jefesprofootball.com/wp-content/uploads/2023/07/277788686_119078380727543_4887237352937024997_n.jpg]
[jefesprofootball.com/wp-content/uploads/2023/07/278084873_121938467108201_8666077681758954240_n.jpg]
[jefesprofootball.com/wp-content/uploads/2023/07/278188154_121939087108139_8911600557878667216_n.jpg]
[jefesprofootball.com/wp-content/uploads/2023/07/278198471_121937373774977_3576958060651352982_n.jpg]
[jefesprofootball.com/wp-content/uploads/2023/07/278221946_121937863774928_7040794408828723362_n.jpg]
[jefesprofootball.com/wp-content/uploads/2023/07/278297283_121937027108345_4123249930274332114_n.jpg]
[jefesprofootball.com/wp-content/uploads/2023/07/278333846_121936790441702_3431132374502532961_n.jpg]
[i0.wp.com/jefesprofootball.com/wp-content/uploads/2022/11/Conferencia_p1-115e2.jpg]
[i0.wp.com/jefesprofootball.com/wp-content/uploads/2022/11/Conferencia_p2-115e2.jpg]
[i0.wp.com/jefesprofootball.com/wp-content/uploads/2022/11/Conferencia_p3-115e2.jpg]
[i0.wp.com/jefesprofootball.com/wp-content/uploads/2022/11/Conferencia_p4-115e2.jpg]
[i0.wp.com/jefesprofootball.com/wp-content/uploads/2022/11/Conferencia_p5-115e2.jpg]
[i0.wp.com/jefesprofootball.com/wp-content/uploads/2022/11/Conferencia_p6-115e2.jpg]
[i0.wp.com/jefesprofootball.com/wp-content/uploads/2022/11/Conferencia_p7-115e2.jpg]
[i0.wp.com/jefesprofootball.com/wp-content/uploads/2022/11/Conferencia_p8-115e2.jpg]
[i0.wp.com/jefesprofootball.com/wp-content/uploads/2022/11/Conferencia_p9-115e2.jpg]
[jefesprofootball.com/wp-content/uploads/2022/11/Conferencia_p1.jpg]
[i0.wp.com/jefesprofootball.com/wp-content/uploads/2022/11/Conferencia_p115e2.jpg]
[jefesprofootball.com/wp-content/uploads/2022/11/Conferencia_p2.jpg]
[i0.wp.com/jefesprofootball.com/wp-content/uploads/2022/11/Conferencia_p215e2.jpg]
[jefesprofootball.com/wp-content/uploads/2022/11/Conferencia_p3.jpg]
[i0.wp.com/jefesprofootball.com/wp-content/uploads/2022/11/Conferencia_p315e2.jpg]
[jefesprofootball.com/wp-content/uploads/2022/11/Conferencia_p4.jpg]
[i0.wp.com/jefesprofootball.com/wp-content/uploads/2022/11/Conferencia_p415e2.jpg]
[jefesprofootball.com/wp-content/uploads/2022/11/Conferencia_p5.jpg]
[i0.wp.com/jefesprofootball.com/wp-content/uploads/2022/11/Conferencia_p515e2.jpg]
[jefesprofootball.com/wp-content/uploads/2022/11/Conferencia_p6.jpg]
[i0.wp.com/jefesprofootball.com/wp-content/uploads/2022/11/Conferencia_p615e2.jpg]
[jefesprofootball.com/wp-content/uploads/2022/11/Conferencia_p7.jpg]
[i0.wp.com/jefesprofootball.com/wp-content/uploads/2022/11/Conferencia_p715e2.jpg]
[jefesprofootball.com/wp-content/uploads/2022/11/Conferencia_p8.jpg]
[i0.wp.com/jefesprofootball.com/wp-content/uploads/2022/11/Conferencia_p815e2.jpg]
[jefesprofootball.com/wp-content/uploads/2022/11/Conferencia_p9.jpg]
[i0.wp.com/jefesprofootball.com/wp-content/uploads/2022/11/Conferencia_p915e2.jpg]
[i0.wp.com/jefesprofootball.com/wp-content/uploads/2022/11/combine-UACJ_1115e2.jpg]
[i0.wp.com/jefesprofootball.com/wp-content/uploads/2022/11/combine-UACJ_1015e2.jpg]
[i0.wp.com/jefesprofootball.com/wp-content/uploads/2022/11/combine-UACJ_915e2.jpg]
[i0.wp.com/jefesprofootball.com/wp-content/uploads/2022/11/combine-UACJ_815e2.jpg]
[i0.wp.com/jefesprofootball.com/wp-content/uploads/2022/11/combine-UACJ_715e2.jpg]
[i0.wp.com/jefesprofootball.com/wp-content/uploads/2022/11/combine-UACJ_615e2.jpg]
[i0.wp.com/jefesprofootball.com/wp-content/uploads/2022/11/combine-UACJ_515e2.jpg]
[i0.wp.com/jefesprofootball.com/wp-content/uploads/2022/11/combine-UACJ_415e2.jpg]
[i0.wp.com/jefesprofootball.com/wp-content/uploads/2022/11/combine-UACJ_315e2.jpg]
[i0.wp.com/jefesprofootball.com/wp-content/uploads/2022/11/combine-UACJ_215e2.jpg]
[i0.wp.com/jefesprofootball.com/wp-content/uploads/2022/11/combine-UACJ_115e2.jpg]
[jefesprofootball.com/wp-content/uploads/2022/11/combine-UACJ_1.jpg]
[jefesprofootball.com/wp-content/uploads/2022/11/combine-UACJ_2.jpg]
[jefesprofootball.com/wp-content/uploads/2022/11/combine-UACJ_3.jpg]
[jefesprofootball.com/wp-content/uploads/2022/11/combine-UACJ_4.jpg]
[jefesprofootball.com/wp-content/uploads/2022/11/combine-UACJ_5.jpg]
[jefesprofootball.com/wp-content/uploads/2022/11/combine-UACJ_6.jpg]
[jefesprofootball.com/wp-content/uploads/2022/11/combine-UACJ_7.jpg]
[jefesprofootball.com/wp-content/uploads/2022/11/combine-UACJ_8.jpg]
[jefesprofootball.com/wp-content/uploads/2022/11/combine-UACJ_9.jpg]
[jefesprofootball.com/wp-content/uploads/2022/11/combine-UACJ_10.jpg]
[jefesprofootball.com/wp-content/uploads/2022/11/combine-UACJ_11.jpg]
[i0.wp.com/jefesprofootball.com/wp-content/uploads/2022/11/flag_215e2.jpg]
[i0.wp.com/jefesprofootball.com/wp-content/uploads/2022/11/flag_115e2.jpg]
[i0.wp.com/jefesprofootball.com/wp-content/uploads/2022/11/flag_5015e2.jpg]
[i0.wp.com/jefesprofootball.com/wp-content/uploads/2022/11/flag_4915e2.jpg]
[i0.wp.com/jefesprofootball.com/wp-content/uploads/2022/11/flag_4815e2.jpg]
[i0.wp.com/jefesprofootball.com/wp-content/uploads/2022/11/flag_4715e2.jpg]
[i0.wp.com/jefesprofootball.com/wp-content/uploads/2022/11/flag_4615e2.jpg]
[i0.wp.com/jefesprofootball.com/wp-content/uploads/2022/11/flag_4515e2.jpg]
[i0.wp.com/jefesprofootball.com/wp-content/uploads/2022/11/flag_4415e2.jpg]
[i0.wp.com/jefesprofootball.com/wp-content/uploads/2022/11/flag_4315e2.jpg]
[i0.wp.com/jefesprofootball.com/wp-content/uploads/2022/11/flag_3315e2.jpg]
[i0.wp.com/jefesprofootball.com/wp-content/uploads/2022/11/flag_3415e2.jpg]
[i0.wp.com/jefesprofootball.com/wp-content/uploads/2022/11/flag_3515e2.jpg]
[i0.wp.com/jefesprofootball.com/wp-content/uploads/2022/11/flag_3615e2.jpg]
[i0.wp.com/jefesprofootball.com/wp-content/uploads/2022/11/flag_3715e2.jpg]
[i0.wp.com/jefesprofootball.com/wp-content/uploads/2022/11/flag_3815e2.jpg]
[i0.wp.com/jefesprofootball.com/wp-content/uploads/2022/11/flag_3915e2.jpg]
[i0.wp.com/jefesprofootball.com/wp-content/uploads/2022/11/flag_4015e2.jpg]
[i0.wp.com/jefesprofootball.com/wp-content/uploads/2022/11/flag_4115e2.jpg]
[i0.wp.com/jefesprofootball.com/wp-content/uploads/2022/11/flag_4215e2.jpg]
[i0.wp.com/jefesprofootball.com/wp-content/uploads/2022/11/flag_3215e2.jpg]
[i0.wp.com/jefesprofootball.com/wp-content/uploads/2022/11/flag_3115e2.jpg]
[i0.wp.com/jefesprofootball.com/wp-content/uploads/2022/11/flag_3015e2.jpg]
[i0.wp.com/jefesprofootball.com/wp-content/uploads/2022/11/flag_2915e2.jpg]
[i0.wp.com/jefesprofootball.com/wp-content/uploads/2022/11/flag_2815e2.jpg]
[i0.wp.com/jefesprofootball.com/wp-content/uploads/2022/11/flag_2715e2.jpg]
[i0.wp.com/jefesprofootball.com/wp-content/uploads/2022/11/flag_2615e2.jpg]
[i0.wp.com/jefesprofootball.com/wp-content/uploads/2022/11/flag_2515e2.jpg]
[i0.wp.com/jefesprofootball.com/wp-content/uploads/2022/11/flag_2415e2.jpg]
[i0.wp.com/jefesprofootball.com/wp-content/uploads/2022/11/flag_2315e2.jpg]
[i0.wp.com/jefesprofootball.com/wp-content/uploads/2022/11/flag_1315e2.jpg]
[i0.wp.com/jefesprofootball.com/wp-content/uploads/2022/11/flag_1415e2.jpg]
[i0.wp.com/jefesprofootball.com/wp-content/uploads/2022/11/flag_1515e2.jpg]
[i0.wp.com/jefesprofootball.com/wp-content/uploads/2022/11/flag_1615e2.jpg]
[i0.wp.com/jefesprofootball.com/wp-content/uploads/2022/11/flag_1715e2.jpg]
[i0.wp.com/jefesprofootball.com/wp-content/uploads/2022/11/flag_1815e2.jpg]
[i0.wp.com/jefesprofootball.com/wp-content/uploads/2022/11/flag_1915e2.jpg]
[i0.wp.com/jefesprofootball.com/wp-content/uploads/2022/11/flag_2015e2.jpg]
[i0.wp.com/jefesprofootball.com/wp-content/uploads/2022/11/flag_2115e2.jpg]
[i0.wp.com/jefesprofootball.com/wp-content/uploads/2022/11/flag_2215e2.jpg]
[i0.wp.com/jefesprofootball.com/wp-content/uploads/2022/11/flag_1215e2.jpg]
[i0.wp.com/jefesprofootball.com/wp-content/uploads/2022/11/flag_1115e2.jpg]
[i0.wp.com/jefesprofootball.com/wp-content/uploads/2022/11/flag_1015e2.jpg]
[i0.wp.com/jefesprofootball.com/wp-content/uploads/2022/11/flag_915e2.jpg]
[i0.wp.com/jefesprofootball.com/wp-content/uploads/2022/11/flag_815e2.jpg]
[i0.wp.com/jefesprofootball.com/wp-content/uploads/2022/11/flag_715e2.jpg]
[i0.wp.com/jefesprofootball.com/wp-content/uploads/2022/11/flag_615e2.jpg]
[i0.wp.com/jefesprofootball.com/wp-content/uploads/2022/11/flag_515e2.jpg]
[i0.wp.com/jefesprofootball.com/wp-content/uploads/2022/11/flag_415e2.jpg]
[i0.wp.com/jefesprofootball.com/wp-content/uploads/2022/11/flag_315e2.jpg]
[jefesprofootball.com/wp-content/uploads/2022/11/flag_3.jpg]
[jefesprofootball.com/wp-content/uploads/2022/11/flag_4.jpg]
[jefesprofootball.com/wp-content/uploads/2022/11/flag_5.jpg]
[jefesprofootball.com/wp-content/uploads/2022/11/flag_6.jpg]
[jefesprofootball.com/wp-content/uploads/2022/11/flag_7.jpg]
[jefesprofootball.com/wp-content/uploads/2022/11/flag_8.jpg]
[jefesprofootball.com/wp-content/uploads/2022/11/flag_9.jpg]
[jefesprofootball.com/wp-content/uploads/2022/11/flag_10.jpg]
[jefesprofootball.com/wp-content/uploads/2022/11/flag_11.jpg]
[jefesprofootball.com/wp-content/uploads/2022/11/flag_12.jpg]
[jefesprofootball.com/wp-content/uploads/2022/11/flag_13.jpg]
[jefesprofootball.com/wp-content/uploads/2022/11/flag_14.jpg]
[jefesprofootball.com/wp-content/uploads/2022/11/flag_15.jpg]
[jefesprofootball.com/wp-content/uploads/2022/11/flag_16.jpg]
[jefesprofootball.com/wp-content/uploads/2022/11/flag_17.jpg]
[jefesprofootball.com/wp-content/uploads/2022/11/flag_18.jpg]
[jefesprofootball.com/wp-content/uploads/2022/11/flag_19.jpg]
[jefesprofootball.com/wp-content/uploads/2022/11/flag_20.jpg]
[jefesprofootball.com/wp-content/uploads/2022/11/flag_21.jpg]
[jefesprofootball.com/wp-content/uploads/2022/11/flag_22.jpg]
[jefesprofootball.com/wp-content/uploads/2022/11/flag_23.jpg]
[jefesprofootball.com/wp-content/uploads/2022/11/flag_24.jpg]
[jefesprofootball.com/wp-content/uploads/2022/11/flag_25.jpg]
[jefesprofootball.com/wp-content/uploads/2022/11/flag_26.jpg]
[jefesprofootball.com/wp-content/uploads/2022/11/flag_27.jpg]
[jefesprofootball.com/wp-content/uploads/2022/11/flag_28.jpg]
[jefesprofootball.com/wp-content/uploads/2022/11/flag_29.jpg]
[jefesprofootball.com/wp-content/uploads/2022/11/flag_30.jpg]
[jefesprofootball.com/wp-content/uploads/2022/11/flag_31.jpg]
[jefesprofootball.com/wp-content/uploads/2022/11/flag_32.jpg]
[jefesprofootball.com/wp-content/uploads/2022/11/flag_33.jpg]
[jefesprofootball.com/wp-content/uploads/2022/11/flag_34.jpg]
[jefesprofootball.com/wp-content/uploads/2022/11/flag_35.jpg]
[jefesprofootball.com/wp-content/uploads/2022/11/flag_36.jpg]
[jefesprofootball.com/wp-content/uploads/2022/11/flag_37.jpg]
[jefesprofootball.com/wp-content/uploads/2022/11/flag_38.jpg]
[jefesprofootball.com/wp-content/uploads/2022/11/flag_39.jpg]
[jefesprofootball.com/wp-content/uploads/2022/11/flag_40.jpg]
[jefesprofootball.com/wp-content/uploads/2022/11/flag_41.jpg]
[jefesprofootball.com/wp-content/uploads/2022/11/flag_42.jpg]
[jefesprofootball.com/wp-content/uploads/2022/11/flag_43.jpg]
[jefesprofootball.com/wp-content/uploads/2022/11/flag_44.jpg]
[jefesprofootball.com/wp-content/uploads/2022/11/flag_45.jpg]
[jefesprofootball.com/wp-content/uploads/2022/11/flag_46.jpg]
[jefesprofootball.com/wp-content/uploads/2022/11/flag_47.jpg]
[jefesprofootball.com/wp-content/uploads/2022/11/flag_48.jpg]
[jefesprofootball.com/wp-content/uploads/2022/11/flag_49.jpg]
[jefesprofootball.com/wp-content/uploads/2022/11/flag_50.jpg]
[jefesprofootball.com/wp-content/uploads/2022/11/flag_1.jpg]
[jefesprofootball.com/wp-content/uploads/2022/11/flag_2.jpg]
[i0.wp.com/jefesprofootball.com/wp-content/uploads/2022/11/pruneda_115e2.jpg]
[i0.wp.com/jefesprofootball.com/wp-content/uploads/2022/11/pruneda_215e2.jpg]
[i0.wp.com/jefesprofootball.com/wp-content/uploads/2022/11/pruneda_315e2.jpg]
[i0.wp.com/jefesprofootball.com/wp-content/uploads/2022/11/pruneda_415e2.jpg]
[i0.wp.com/jefesprofootball.com/wp-content/uploads/2022/11/pruneda_515e2.jpg]
[i0.wp.com/jefesprofootball.com/wp-content/uploads/2022/11/pruneda_615e2.jpg]
[i0.wp.com/jefesprofootball.com/wp-content/uploads/2022/11/pruneda_715e2.jpg]
[i0.wp.com/jefesprofootball.com/wp-content/uploads/2022/11/pruneda_815e2.jpg]
[i0.wp.com/jefesprofootball.com/wp-content/uploads/2022/11/pruneda_915e2.jpg]
[i0.wp.com/jefesprofootball.com/wp-content/uploads/2022/11/pruneda_1015e2.jpg]
[jefesprofootball.com/wp-content/uploads/2022/11/pruneda_10.jpg]
[jefesprofootball.com/wp-content/uploads/2022/11/pruneda_9.jpg]
[jefesprofootball.com/wp-content/uploads/2022/11/pruneda_8.jpg]
[jefesprofootball.com/wp-content/uploads/2022/11/pruneda_7.jpg]
[jefesprofootball.com/wp-content/uploads/2022/11/pruneda_6.jpg]
[jefesprofootball.com/wp-content/uploads/2022/11/pruneda_5.jpg]
[jefesprofootball.com/wp-content/uploads/2022/11/pruneda_4.jpg]
[jefesprofootball.com/wp-content/uploads/2022/11/pruneda_3.jpg]
[jefesprofootball.com/wp-content/uploads/2022/11/pruneda_2.jpg]
[jefesprofootball.com/wp-content/uploads/2022/11/pruneda_1.jpg]
[i0.wp.com/jefesprofootball.com/wp-content/uploads/2022/11/Tryouts_115e2.jpg]
[i0.wp.com/jefesprofootball.com/wp-content/uploads/2022/11/Tryouts_215e2.jpg]
[i0.wp.com/jefesprofootball.com/wp-content/uploads/2022/11/Tryouts_315e2.jpg]
[i0.wp.com/jefesprofootball.com/wp-content/uploads/2022/11/Tryouts_415e2.jpg]
[i0.wp.com/jefesprofootball.com/wp-content/uploads/2022/11/Tryouts_515e2.jpg]
[i0.wp.com/jefesprofootball.com/wp-content/uploads/2022/11/Tryouts_615e2.jpg]
[i0.wp.com/jefesprofootball.com/wp-content/uploads/2022/11/Tryouts_715e2.jpg]
[i0.wp.com/jefesprofootball.com/wp-content/uploads/2022/11/Tryouts_815e2.jpg]
[i0.wp.com/jefesprofootball.com/wp-content/uploads/2022/11/Tryouts_915e2.jpg]
[i0.wp.com/jefesprofootball.com/wp-content/uploads/2022/11/Tryouts_1015e2.jpg]
[i0.wp.com/jefesprofootball.com/wp-content/uploads/2022/11/Tryouts_1115e2.jpg]
[i0.wp.com/jefesprofootball.com/wp-content/uploads/2022/11/Tryouts_1215e2.jpg]
[i0.wp.com/jefesprofootball.com/wp-content/uploads/2022/11/Tryouts_1315e2.jpg]
[i0.wp.com/jefesprofootball.com/wp-content/uploads/2022/11/Tryouts_1415e2.jpg]
[jefesprofootball.com/wp-content/uploads/2022/11/Tryouts_14.jpg]
[jefesprofootball.com/wp-content/uploads/2022/11/Tryouts_13.jpg]
[jefesprofootball.com/wp-content/uploads/2022/11/Tryouts_12.jpg]
[jefesprofootball.com/wp-content/uploads/2022/11/Tryouts_11.jpg]
[jefesprofootball.com/wp-content/uploads/2022/11/Tryouts_10.jpg]
[jefesprofootball.com/wp-content/uploads/2022/11/Tryouts_9.jpg]
[jefesprofootball.com/wp-content/uploads/2022/11/Tryouts_8.jpg]
[jefesprofootball.com/wp-content/uploads/2022/11/Tryouts_7.jpg]
[jefesprofootball.com/wp-content/uploads/2022/11/Tryouts_6.jpg]
[jefesprofootball.com/wp-content/uploads/2022/11/Tryouts_5.jpg]
[jefesprofootball.com/wp-content/uploads/2022/11/Tryouts_4.jpg]
[jefesprofootball.com/wp-content/uploads/2022/11/Tryouts_3.jpg]
[jefesprofootball.com/wp-content/uploads/2022/11/Tryouts_2.jpg]
[jefesprofootball.com/wp-content/uploads/2022/11/Tryouts_1.jpg]
[jefesprofootball.com/wp-content/uploads/elementor/css/custom-widget-icon-list.minc8ae.css]
[s0.wp.com/wp-content/js/bilmur.minbf6c.js]
[jefesprofootball.com/wp-includes/js/underscore.mind584.js]
[jefesprofootball.com/wp-includes/js/shortcode.min6e03.js]
[jefesprofootball.com/_static/indexcf59.html]
[jefesprofootball.com/wp-includes/js/backbone.min330a.js]
[jefesprofootball.com/wp-includes/js/mediaelement/mediaelement-and-player.min1f61.js]
[jefesprofootball.com/wp-content/plugins/gutenberg/build/a11y/index.min1c1d.js]
[jefesprofootball.com/wp-includes/js/clipboard.min7bf6.js]
[jefesprofootball.com/wp-includes/js/media-views.min3781.js]
[jefesprofootball.com/wp-includes/js/media-editor.min3781.js]
[assets.pinterest.com/js/pinitd584.js]
[stats.wp.com/e-202330.js]
[jefesprofootball.com/wp-content/plugins/pro-elements/assets/js/frontend.min9d52.js]
[jefesprofootball.com/wp-content/plugins/elementor/assets/lib/waypoints/waypoints.minfb71.js]
[jefesprofootball.com/wp-content/plugins/elementor/assets/js/frontend.mina1c3.js]
[jefesprofootball.com/wp-content/plugins/pro-elements/assets/js/elements-handlers.mine119.js]
[jefesprofootball.com/galeria/index.html]
[jefesprofootball.com/wp-content/plugins/easy-image-collage/css/public1b83.css]
[jefesprofootball.com/wp-includes/css/dashicons.min3781.css]
[jefesprofootball.com/wp-content/uploads/2023/07/JEFES-9.jpg]
[jefesprofootball.com/wp-content/plugins/wpforms-lite/assets/js/integrations/elementor/frontend.min7f54.js]
[jefesprofootball.com/wp-content/uploads/2023/07/JEFES-10.jpg]
[jefesprofootball.com/wp-content/uploads/2023/07/JEFES-11.jpg]
[jefesprofootball.com/wp-content/uploads/2023/07/JEFES-12.jpg]
[jefesprofootball.com/wp-content/uploads/2023/07/JEFES-13.jpg]
[jefesprofootball.com/wp-content/uploads/2023/07/JEFES-63-1.jpg]
[jefesprofootball.com/wp-content/uploads/elementor/css/custom-widget-icon-list.minc8ae.css]
